2014-02-08 11:24:50,480 ERROR [org.jasig.cas.web.init.SafeContextLoaderListener] - SafeContextLoaderListener: 
The Spring ContextLoaderListener we wrap threw on contextInitialized.
But for our having caught this error, the web application context would not have initialized.
org.springframework.beans.factory.parsing.BeanDefinitionParsingException: Configuration problem: You cannot use a spring-security-2.0.xsd or spring-security-3.0.xsd schema with Spring Security 3.1. Please update your schema declarations to the 3.1 schema.
Offending resource: ServletContext resource [/WEB-INF/managementConfigContext.xml]
	at org.springframework.beans.factory.parsing.FailFastProblemReporter.fatal(FailFastProblemReporter.java:59)
	at org.springframework.beans.factory.parsing.ReaderContext.fatal(ReaderContext.java:68)
	at org.springframework.beans.factory.parsing.ReaderContext.fatal(ReaderContext.java:55)
	at org.springframework.security.config.SecurityNamespaceHandler.parse(SecurityNamespaceHandler.java:68)
	at org.springframework.beans.factory.xml.BeanDefinitionParserDelegate.parseCustomElement(BeanDefinitionParserDelegate.java:1438)
	at org.springframework.beans.factory.xml.BeanDefinitionParserDelegate.parseCustomElement(BeanDefinitionParserDelegate.java:1428)
	at org.springframework.beans.factory.xml.DefaultBeanDefinitionDocumentReader.parseBeanDefinitions(DefaultBeanDefinitionDocumentReader.java:185)
	at org.springframework.beans.factory.xml.DefaultBeanDefinitionDocumentReader.doRegisterBeanDefinitions(DefaultBeanDefinitionDocumentReader.java:139)
	at org.springframework.beans.factory.xml.DefaultBeanDefinitionDocumentReader.registerBeanDefinitions(DefaultBeanDefinitionDocumentReader.java:108)
	at org.springframework.beans.factory.xml.XmlBeanDefinitionReader.registerBeanDefinitions(XmlBeanDefinitionReader.java:493)
	at org.springframework.beans.factory.xml.XmlBeanDefinitionReader.doLoadBeanDefinitions(XmlBeanDefinitionReader.java:390)
	at org.springframework.beans.factory.xml.XmlBeanDefinitionReader.loadBeanDefinitions(XmlBeanDefinitionReader.java:334)
	at org.springframework.beans.factory.xml.XmlBeanDefinitionReader.loadBeanDefinitions(XmlBeanDefinitionReader.java:302)
	at org.springframework.beans.factory.support.AbstractBeanDefinitionReader.loadBeanDefinitions(AbstractBeanDefinitionReader.java:174)
	at org.springframework.beans.factory.support.AbstractBeanDefinitionReader.loadBeanDefinitions(AbstractBeanDefinitionReader.java:209)
	at org.springframework.beans.factory.support.AbstractBeanDefinitionReader.loadBeanDefinitions(AbstractBeanDefinitionReader.java:180)
	at org.springframework.web.context.support.XmlWebApplicationContext.loadBeanDefinitions(XmlWebApplicationContext.java:125)
	at org.springframework.web.context.support.XmlWebApplicationContext.loadBeanDefinitions(XmlWebApplicationContext.java:94)
	at org.springframework.context.support.AbstractRefreshableApplicationContext.refreshBeanFactory(AbstractRefreshableApplicationContext.java:130)
	at org.springframework.context.support.AbstractApplicationContext.obtainFreshBeanFactory(AbstractApplicationContext.java:537)
	at org.springframework.context.support.AbstractApplicationContext.refresh(AbstractApplicationContext.java:451)
	at org.springframework.web.context.ContextLoader.configureAndRefreshWebApplicationContext(ContextLoader.java:389)
	at org.springframework.web.context.ContextLoader.initWebApplicationContext(ContextLoader.java:294)
	at org.springframework.web.context.ContextLoaderListener.contextInitialized(ContextLoaderListener.java:112)
	at org.jasig.cas.web.init.SafeContextLoaderListener.contextInitialized_aroundBody0(SafeContextLoaderListener.java:75)
	at org.jasig.cas.web.init.SafeContextLoaderListener.contextInitialized_aroundBody1$advice(SafeContextLoaderListener.java:54)
	at org.jasig.cas.web.init.SafeContextLoaderListener.contextInitialized(SafeContextLoaderListener.java:1)
	at org.eclipse.jetty.server.handler.ContextHandler.callContextInitialized(ContextHandler.java:771)
	at org.eclipse.jetty.servlet.ServletContextHandler.callContextInitialized(ServletContextHandler.java:411)
	at org.eclipse.jetty.server.handler.ContextHandler.startContext(ContextHandler.java:763)
	at org.eclipse.jetty.servlet.ServletContextHandler.startContext(ServletContextHandler.java:247)
	at org.eclipse.jetty.webapp.WebAppContext.startContext(WebAppContext.java:1238)
	at org.eclipse.jetty.server.handler.ContextHandler.doStart(ContextHandler.java:706)
	at org.eclipse.jetty.webapp.WebAppContext.doStart(WebAppContext.java:480)
	at org.eclipse.jetty.util.component.AbstractLifeCycle.start(AbstractLifeCycle.java:64)
	at org.eclipse.jetty.server.handler.HandlerCollection.doStart(HandlerCollection.java:229)
	at org.eclipse.jetty.server.handler.ContextHandlerCollection.doStart(ContextHandlerCollection.java:172)
	at org.eclipse.jetty.util.component.AbstractLifeCycle.start(AbstractLifeCycle.java:64)
	at org.eclipse.jetty.server.handler.HandlerCollection.doStart(HandlerCollection.java:229)
	at org.eclipse.jetty.util.component.AbstractLifeCycle.start(AbstractLifeCycle.java:64)
	at org.eclipse.jetty.server.handler.HandlerWrapper.doStart(HandlerWrapper.java:95)
	at org.eclipse.jetty.server.Server.doStart(Server.java:277)
	at org.mortbay.jetty.plugin.JettyServer.doStart(JettyServer.java:65)
	at org.eclipse.jetty.util.component.AbstractLifeCycle.start(AbstractLifeCycle.java:64)
	at org.mortbay.jetty.plugin.AbstractJettyMojo.startJetty(AbstractJettyMojo.java:511)
	at org.mortbay.jetty.plugin.AbstractJettyMojo.execute(AbstractJettyMojo.java:364)
	at org.mortbay.jetty.plugin.JettyRunMojo.execute(JettyRunMojo.java:516)
	at org.apache.maven.plugin.DefaultBuildPluginManager.executeMojo(DefaultBuildPluginManager.java:106)
	at org.apache.maven.lifecycle.internal.MojoExecutor.execute(MojoExecutor.java:208)
	at org.apache.maven.lifecycle.internal.MojoExecutor.execute(MojoExecutor.java:153)
	at org.apache.maven.lifecycle.internal.MojoExecutor.execute(MojoExecutor.java:145)
	at org.apache.maven.lifecycle.internal.LifecycleModuleBuilder.buildProject(LifecycleModuleBuilder.java:84)
	at org.apache.maven.lifecycle.internal.LifecycleModuleBuilder.buildProject(LifecycleModuleBuilder.java:59)
	at org.apache.maven.lifecycle.internal.LifecycleStarter.singleThreadedBuild(LifecycleStarter.java:183)
	at org.apache.maven.lifecycle.internal.LifecycleStarter.execute(LifecycleStarter.java:161)
	at org.apache.maven.DefaultMaven.doExecute(DefaultMaven.java:317)
	at org.apache.maven.DefaultMaven.execute(DefaultMaven.java:152)
	at org.apache.maven.cli.MavenCli.execute(MavenCli.java:555)
	at org.apache.maven.cli.MavenCli.doMain(MavenCli.java:214)
	at org.apache.maven.cli.MavenCli.main(MavenCli.java:158)
	at sun.reflect.NativeMethodAccessorImpl.invoke0(Native Method)
	at sun.reflect.NativeMethodAccessorImpl.invoke(NativeMethodAccessorImpl.java:57)
	at sun.reflect.DelegatingMethodAccessorImpl.invoke(DelegatingMethodAccessorImpl.java:43)
	at java.lang.reflect.Method.invoke(Method.java:606)
	at org.codehaus.plexus.classworlds.launcher.Launcher.launchEnhanced(Launcher.java:289)
	at org.codehaus.plexus.classworlds.launcher.Launcher.launch(Launcher.java:229)
	at org.codehaus.plexus.classworlds.launcher.Launcher.mainWithExitCode(Launcher.java:415)
	at org.codehaus.plexus.classworlds.launcher.Launcher.main(Launcher.java:356)
	at org.codehaus.classworlds.Launcher.main(Launcher.java:46)
	at sun.reflect.NativeMethodAccessorImpl.invoke0(Native Method)
	at sun.reflect.NativeMethodAccessorImpl.invoke(NativeMethodAccessorImpl.java:57)
	at sun.reflect.DelegatingMethodAccessorImpl.invoke(DelegatingMethodAccessorImpl.java:43)
	at java.lang.reflect.Method.invoke(Method.java:606)
	at com.intellij.rt.execution.application.AppMain.main(AppMain.java:120)
2014-02-08 11:27:56,903 ERROR [org.jasig.cas.web.init.SafeContextLoaderListener] - SafeContextLoaderListener: 
The Spring ContextLoaderListener we wrap threw on contextInitialized.
But for our having caught this error, the web application context would not have initialized.
org.springframework.beans.factory.parsing.BeanDefinitionParsingException: Configuration problem: You cannot use a spring-security-2.0.xsd or spring-security-3.0.xsd schema with Spring Security 3.1. Please update your schema declarations to the 3.1 schema.
Offending resource: ServletContext resource [/WEB-INF/managementConfigContext.xml]
	at org.springframework.beans.factory.parsing.FailFastProblemReporter.fatal(FailFastProblemReporter.java:59)
	at org.springframework.beans.factory.parsing.ReaderContext.fatal(ReaderContext.java:68)
	at org.springframework.beans.factory.parsing.ReaderContext.fatal(ReaderContext.java:55)
	at org.springframework.security.config.SecurityNamespaceHandler.parse(SecurityNamespaceHandler.java:68)
	at org.springframework.beans.factory.xml.BeanDefinitionParserDelegate.parseCustomElement(BeanDefinitionParserDelegate.java:1438)
	at org.springframework.beans.factory.xml.BeanDefinitionParserDelegate.parseCustomElement(BeanDefinitionParserDelegate.java:1428)
	at org.springframework.beans.factory.xml.DefaultBeanDefinitionDocumentReader.parseBeanDefinitions(DefaultBeanDefinitionDocumentReader.java:185)
	at org.springframework.beans.factory.xml.DefaultBeanDefinitionDocumentReader.doRegisterBeanDefinitions(DefaultBeanDefinitionDocumentReader.java:139)
	at org.springframework.beans.factory.xml.DefaultBeanDefinitionDocumentReader.registerBeanDefinitions(DefaultBeanDefinitionDocumentReader.java:108)
	at org.springframework.beans.factory.xml.XmlBeanDefinitionReader.registerBeanDefinitions(XmlBeanDefinitionReader.java:493)
	at org.springframework.beans.factory.xml.XmlBeanDefinitionReader.doLoadBeanDefinitions(XmlBeanDefinitionReader.java:390)
	at org.springframework.beans.factory.xml.XmlBeanDefinitionReader.loadBeanDefinitions(XmlBeanDefinitionReader.java:334)
	at org.springframework.beans.factory.xml.XmlBeanDefinitionReader.loadBeanDefinitions(XmlBeanDefinitionReader.java:302)
	at org.springframework.beans.factory.support.AbstractBeanDefinitionReader.loadBeanDefinitions(AbstractBeanDefinitionReader.java:174)
	at org.springframework.beans.factory.support.AbstractBeanDefinitionReader.loadBeanDefinitions(AbstractBeanDefinitionReader.java:209)
	at org.springframework.beans.factory.support.AbstractBeanDefinitionReader.loadBeanDefinitions(AbstractBeanDefinitionReader.java:180)
	at org.springframework.web.context.support.XmlWebApplicationContext.loadBeanDefinitions(XmlWebApplicationContext.java:125)
	at org.springframework.web.context.support.XmlWebApplicationContext.loadBeanDefinitions(XmlWebApplicationContext.java:94)
	at org.springframework.context.support.AbstractRefreshableApplicationContext.refreshBeanFactory(AbstractRefreshableApplicationContext.java:130)
	at org.springframework.context.support.AbstractApplicationContext.obtainFreshBeanFactory(AbstractApplicationContext.java:537)
	at org.springframework.context.support.AbstractApplicationContext.refresh(AbstractApplicationContext.java:451)
	at org.springframework.web.context.ContextLoader.configureAndRefreshWebApplicationContext(ContextLoader.java:389)
	at org.springframework.web.context.ContextLoader.initWebApplicationContext(ContextLoader.java:294)
	at org.springframework.web.context.ContextLoaderListener.contextInitialized(ContextLoaderListener.java:112)
	at org.jasig.cas.web.init.SafeContextLoaderListener.contextInitialized_aroundBody0(SafeContextLoaderListener.java:75)
	at org.jasig.cas.web.init.SafeContextLoaderListener.contextInitialized_aroundBody1$advice(SafeContextLoaderListener.java:54)
	at org.jasig.cas.web.init.SafeContextLoaderListener.contextInitialized(SafeContextLoaderListener.java:1)
	at org.eclipse.jetty.server.handler.ContextHandler.callContextInitialized(ContextHandler.java:771)
	at org.eclipse.jetty.servlet.ServletContextHandler.callContextInitialized(ServletContextHandler.java:411)
	at org.eclipse.jetty.server.handler.ContextHandler.startContext(ContextHandler.java:763)
	at org.eclipse.jetty.servlet.ServletContextHandler.startContext(ServletContextHandler.java:247)
	at org.eclipse.jetty.webapp.WebAppContext.startContext(WebAppContext.java:1238)
	at org.eclipse.jetty.server.handler.ContextHandler.doStart(ContextHandler.java:706)
	at org.eclipse.jetty.webapp.WebAppContext.doStart(WebAppContext.java:480)
	at org.eclipse.jetty.util.component.AbstractLifeCycle.start(AbstractLifeCycle.java:64)
	at org.eclipse.jetty.server.handler.HandlerCollection.doStart(HandlerCollection.java:229)
	at org.eclipse.jetty.server.handler.ContextHandlerCollection.doStart(ContextHandlerCollection.java:172)
	at org.eclipse.jetty.util.component.AbstractLifeCycle.start(AbstractLifeCycle.java:64)
	at org.eclipse.jetty.server.handler.HandlerCollection.doStart(HandlerCollection.java:229)
	at org.eclipse.jetty.util.component.AbstractLifeCycle.start(AbstractLifeCycle.java:64)
	at org.eclipse.jetty.server.handler.HandlerWrapper.doStart(HandlerWrapper.java:95)
	at org.eclipse.jetty.server.Server.doStart(Server.java:277)
	at org.mortbay.jetty.plugin.JettyServer.doStart(JettyServer.java:65)
	at org.eclipse.jetty.util.component.AbstractLifeCycle.start(AbstractLifeCycle.java:64)
	at org.mortbay.jetty.plugin.AbstractJettyMojo.startJetty(AbstractJettyMojo.java:511)
	at org.mortbay.jetty.plugin.AbstractJettyMojo.execute(AbstractJettyMojo.java:364)
	at org.mortbay.jetty.plugin.JettyRunMojo.execute(JettyRunMojo.java:516)
	at org.apache.maven.plugin.DefaultBuildPluginManager.executeMojo(DefaultBuildPluginManager.java:106)
	at org.apache.maven.lifecycle.internal.MojoExecutor.execute(MojoExecutor.java:208)
	at org.apache.maven.lifecycle.internal.MojoExecutor.execute(MojoExecutor.java:153)
	at org.apache.maven.lifecycle.internal.MojoExecutor.execute(MojoExecutor.java:145)
	at org.apache.maven.lifecycle.internal.LifecycleModuleBuilder.buildProject(LifecycleModuleBuilder.java:84)
	at org.apache.maven.lifecycle.internal.LifecycleModuleBuilder.buildProject(LifecycleModuleBuilder.java:59)
	at org.apache.maven.lifecycle.internal.LifecycleStarter.singleThreadedBuild(LifecycleStarter.java:183)
	at org.apache.maven.lifecycle.internal.LifecycleStarter.execute(LifecycleStarter.java:161)
	at org.apache.maven.DefaultMaven.doExecute(DefaultMaven.java:317)
	at org.apache.maven.DefaultMaven.execute(DefaultMaven.java:152)
	at org.apache.maven.cli.MavenCli.execute(MavenCli.java:555)
	at org.apache.maven.cli.MavenCli.doMain(MavenCli.java:214)
	at org.apache.maven.cli.MavenCli.main(MavenCli.java:158)
	at sun.reflect.NativeMethodAccessorImpl.invoke0(Native Method)
	at sun.reflect.NativeMethodAccessorImpl.invoke(NativeMethodAccessorImpl.java:57)
	at sun.reflect.DelegatingMethodAccessorImpl.invoke(DelegatingMethodAccessorImpl.java:43)
	at java.lang.reflect.Method.invoke(Method.java:606)
	at org.codehaus.plexus.classworlds.launcher.Launcher.launchEnhanced(Launcher.java:289)
	at org.codehaus.plexus.classworlds.launcher.Launcher.launch(Launcher.java:229)
	at org.codehaus.plexus.classworlds.launcher.Launcher.mainWithExitCode(Launcher.java:415)
	at org.codehaus.plexus.classworlds.launcher.Launcher.main(Launcher.java:356)
	at org.codehaus.classworlds.Launcher.main(Launcher.java:46)
	at sun.reflect.NativeMethodAccessorImpl.invoke0(Native Method)
	at sun.reflect.NativeMethodAccessorImpl.invoke(NativeMethodAccessorImpl.java:57)
	at sun.reflect.DelegatingMethodAccessorImpl.invoke(DelegatingMethodAccessorImpl.java:43)
	at java.lang.reflect.Method.invoke(Method.java:606)
	at com.intellij.rt.execution.application.AppMain.main(AppMain.java:120)
2014-02-08 11:31:14,385 INFO [org.jasig.cas.services.DefaultServicesManagerImpl] - Loaded 1 services.
2014-02-08 11:31:49,214 WARN [org.jasig.cas.web.view.CasReloadableMessageBundle] - The code [AbstractAccessDecisionManager.accessDenied] cannot be found in the language bundle for the locale [en_US]
2014-02-08 11:32:51,082 WARN [org.jasig.cas.web.view.CasReloadableMessageBundle] - The code [CasAuthenticationProvider.noServiceTicket] cannot be found in the language bundle for the locale [en_US]
2014-02-08 11:32:51,082 WARN [org.jasig.cas.web.view.CasReloadableMessageBundle] - The code [CasAuthenticationProvider.noServiceTicket] cannot be found in the language bundle for the locale [en_US]
2014-02-08 11:36:34,193 WARN [org.jasig.cas.web.view.CasReloadableMessageBundle] - The code [AbstractAccessDecisionManager.accessDenied] cannot be found in the language bundle for the locale [en_US]
2014-02-08 11:37:22,046 WARN [org.jasig.cas.web.view.CasReloadableMessageBundle] - The code [AbstractAccessDecisionManager.accessDenied] cannot be found in the language bundle for the locale [en_US]
2014-02-08 11:37:33,282 WARN [org.jasig.cas.web.view.CasReloadableMessageBundle] - The code [AbstractAccessDecisionManager.accessDenied] cannot be found in the language bundle for the locale [en_US]
2014-02-08 11:37:39,025 WARN [org.jasig.cas.web.view.CasReloadableMessageBundle] - The code [CasAuthenticationProvider.noServiceTicket] cannot be found in the language bundle for the locale [en_US]
2014-02-08 11:37:39,026 WARN [org.jasig.cas.web.view.CasReloadableMessageBundle] - The code [CasAuthenticationProvider.noServiceTicket] cannot be found in the language bundle for the locale [en_US]
2014-02-08 11:37:39,026 WARN [org.jasig.cas.web.view.CasReloadableMessageBundle] - The code [CasAuthenticationProvider.noServiceTicket] cannot be found in the language bundle for the locale [en_US]
2014-02-08 12:55:29,067 INFO [org.jasig.cas.services.DefaultServicesManagerImpl] - Loaded 1 services.
2014-02-08 12:58:05,288 WARN [org.jasig.cas.web.view.CasReloadableMessageBundle] - The code [AbstractAccessDecisionManager.accessDenied] cannot be found in the language bundle for the locale [en_US]
2014-02-08 12:58:59,486 WARN [org.jasig.cas.web.view.CasReloadableMessageBundle] - The code [AbstractAccessDecisionManager.accessDenied] cannot be found in the language bundle for the locale [en_US]
2014-02-08 21:24:23,932 WARN [org.jasig.cas.web.view.CasReloadableMessageBundle] - The code [CasAuthenticationProvider.noServiceTicket] cannot be found in the language bundle for the locale [en_US]
2014-02-08 21:24:23,934 WARN [org.jasig.cas.web.view.CasReloadableMessageBundle] - The code [CasAuthenticationProvider.noServiceTicket] cannot be found in the language bundle for the locale [en_US]
2014-02-09 10:02:54,073 INFO [org.jasig.cas.services.DefaultServicesManagerImpl] - Loaded 1 services.
2014-02-09 10:04:24,211 INFO [org.jasig.cas.services.DefaultServicesManagerImpl] - Loaded 1 services.
2014-02-09 10:11:15,546 INFO [org.jasig.cas.services.DefaultServicesManagerImpl] - Loaded 1 services.
2014-02-09 10:15:43,607 INFO [org.jasig.cas.services.DefaultServicesManagerImpl] - Loaded 1 services.
2014-02-09 10:17:49,567 INFO [org.jasig.cas.services.DefaultServicesManagerImpl] - Loaded 1 services.
2014-02-09 10:22:04,644 INFO [org.jasig.cas.services.DefaultServicesManagerImpl] - Loaded 1 services.
2014-02-09 10:29:37,615 INFO [org.jasig.cas.services.DefaultServicesManagerImpl] - Loaded 1 services.
2014-02-09 10:32:29,677 INFO [org.jasig.cas.services.DefaultServicesManagerImpl] - Loaded 1 services.
2014-02-09 11:00:45,154 WARN [org.jasig.cas.web.view.CasReloadableMessageBundle] - The code [AbstractAccessDecisionManager.accessDenied] cannot be found in the language bundle for the locale [en_US]
2014-02-09 12:46:34,047 INFO [org.jasig.cas.services.DefaultServicesManagerImpl] - Loaded 1 services.
2014-02-09 12:52:07,821 INFO [org.jasig.cas.services.DefaultServicesManagerImpl] - Loaded 1 services.
