Performance Statistics   2014-02-08 11:32:00 - 2014-02-08 11:33:00
Tag                                                  Avg(ms)         Min         Max     Std Dev       Count
AUTHENTICATE                                             2.0           2           2         0.0           1
CREATE_TICKET_GRANTING_TICKET                            8.0           8           8         0.0           1
DESTROY_TICKET_GRANTING_TICKET                           3.0           3           3         0.0           1
GRANT_SERVICE_TICKET                                     0.5           0           1         0.5           2
VALIDATE_SERVICE_TICKET                                  1.5           0           3         1.5           2

Performance Statistics   2014-02-08 11:33:00 - 2014-02-08 11:34:00
Tag                                                  Avg(ms)         Min         Max     Std Dev       Count

Performance Statistics   2014-02-08 11:34:00 - 2014-02-08 11:35:00
Tag                                                  Avg(ms)         Min         Max     Std Dev       Count

Performance Statistics   2014-02-08 11:35:00 - 2014-02-08 11:36:00
Tag                                                  Avg(ms)         Min         Max     Std Dev       Count

Performance Statistics   2014-02-08 11:36:00 - 2014-02-08 11:37:00
Tag                                                  Avg(ms)         Min         Max     Std Dev       Count
AUTHENTICATE                                             0.0           0           0         0.0           1
CREATE_TICKET_GRANTING_TICKET                            1.0           1           1         0.0           1
GRANT_SERVICE_TICKET                                     0.0           0           0         0.0           1
VALIDATE_SERVICE_TICKET                                  0.0           0           0         0.0           1

Performance Statistics   2014-02-08 11:37:00 - 2014-02-08 11:38:00
Tag                                                  Avg(ms)         Min         Max     Std Dev       Count
DESTROY_TICKET_GRANTING_TICKET                           1.0           1           1         0.0           1
GRANT_SERVICE_TICKET                                     0.0           0           0         0.0           2
VALIDATE_SERVICE_TICKET                                  0.0           0           0         0.0           2

Performance Statistics   2014-02-08 11:38:00 - 2014-02-08 11:39:00
Tag                                                  Avg(ms)         Min         Max     Std Dev       Count

Performance Statistics   2014-02-08 11:39:00 - 2014-02-08 11:40:00
Tag                                                  Avg(ms)         Min         Max     Std Dev       Count

Performance Statistics   2014-02-08 11:40:00 - 2014-02-08 11:41:00
Tag                                                  Avg(ms)         Min         Max     Std Dev       Count

Performance Statistics   2014-02-08 11:41:00 - 2014-02-08 11:42:00
Tag                                                  Avg(ms)         Min         Max     Std Dev       Count

Performance Statistics   2014-02-08 11:42:00 - 2014-02-08 11:43:00
Tag                                                  Avg(ms)         Min         Max     Std Dev       Count

Performance Statistics   2014-02-08 11:43:00 - 2014-02-08 11:44:00
Tag                                                  Avg(ms)         Min         Max     Std Dev       Count

Performance Statistics   2014-02-08 11:44:00 - 2014-02-08 11:45:00
Tag                                                  Avg(ms)         Min         Max     Std Dev       Count

Performance Statistics   2014-02-08 11:45:00 - 2014-02-08 11:46:00
Tag                                                  Avg(ms)         Min         Max     Std Dev       Count

Performance Statistics   2014-02-08 11:46:00 - 2014-02-08 11:47:00
Tag                                                  Avg(ms)         Min         Max     Std Dev       Count

Performance Statistics   2014-02-08 11:47:00 - 2014-02-08 11:48:00
Tag                                                  Avg(ms)         Min         Max     Std Dev       Count

Performance Statistics   2014-02-08 11:48:00 - 2014-02-08 11:49:00
Tag                                                  Avg(ms)         Min         Max     Std Dev       Count

Performance Statistics   2014-02-08 11:49:00 - 2014-02-08 11:50:00
Tag                                                  Avg(ms)         Min         Max     Std Dev       Count

Performance Statistics   2014-02-08 11:50:00 - 2014-02-08 11:51:00
Tag                                                  Avg(ms)         Min         Max     Std Dev       Count

Performance Statistics   2014-02-08 11:51:00 - 2014-02-08 11:52:00
Tag                                                  Avg(ms)         Min         Max     Std Dev       Count

Performance Statistics   2014-02-08 11:52:00 - 2014-02-08 11:53:00
Tag                                                  Avg(ms)         Min         Max     Std Dev       Count

Performance Statistics   2014-02-08 11:53:00 - 2014-02-08 11:54:00
Tag                                                  Avg(ms)         Min         Max     Std Dev       Count

Performance Statistics   2014-02-08 11:54:00 - 2014-02-08 11:55:00
Tag                                                  Avg(ms)         Min         Max     Std Dev       Count

Performance Statistics   2014-02-08 11:55:00 - 2014-02-08 11:56:00
Tag                                                  Avg(ms)         Min         Max     Std Dev       Count

Performance Statistics   2014-02-08 11:56:00 - 2014-02-08 11:57:00
Tag                                                  Avg(ms)         Min         Max     Std Dev       Count

Performance Statistics   2014-02-08 11:57:00 - 2014-02-08 11:58:00
Tag                                                  Avg(ms)         Min         Max     Std Dev       Count

Performance Statistics   2014-02-08 11:58:00 - 2014-02-08 11:59:00
Tag                                                  Avg(ms)         Min         Max     Std Dev       Count

Performance Statistics   2014-02-08 11:59:00 - 2014-02-08 12:00:00
Tag                                                  Avg(ms)         Min         Max     Std Dev       Count

Performance Statistics   2014-02-08 12:00:00 - 2014-02-08 12:01:00
Tag                                                  Avg(ms)         Min         Max     Std Dev       Count

Performance Statistics   2014-02-08 12:01:00 - 2014-02-08 12:02:00
Tag                                                  Avg(ms)         Min         Max     Std Dev       Count

Performance Statistics   2014-02-08 12:02:00 - 2014-02-08 12:03:00
Tag                                                  Avg(ms)         Min         Max     Std Dev       Count

Performance Statistics   2014-02-08 12:03:00 - 2014-02-08 12:04:00
Tag                                                  Avg(ms)         Min         Max     Std Dev       Count

Performance Statistics   2014-02-08 12:04:00 - 2014-02-08 12:05:00
Tag                                                  Avg(ms)         Min         Max     Std Dev       Count

Performance Statistics   2014-02-08 12:05:00 - 2014-02-08 12:06:00
Tag                                                  Avg(ms)         Min         Max     Std Dev       Count

Performance Statistics   2014-02-08 12:06:00 - 2014-02-08 12:07:00
Tag                                                  Avg(ms)         Min         Max     Std Dev       Count

Performance Statistics   2014-02-08 12:07:00 - 2014-02-08 12:08:00
Tag                                                  Avg(ms)         Min         Max     Std Dev       Count

Performance Statistics   2014-02-08 12:08:00 - 2014-02-08 12:09:00
Tag                                                  Avg(ms)         Min         Max     Std Dev       Count

Performance Statistics   2014-02-08 12:09:00 - 2014-02-08 12:10:00
Tag                                                  Avg(ms)         Min         Max     Std Dev       Count

Performance Statistics   2014-02-08 12:10:00 - 2014-02-08 12:11:00
Tag                                                  Avg(ms)         Min         Max     Std Dev       Count

Performance Statistics   2014-02-08 12:11:00 - 2014-02-08 12:12:00
Tag                                                  Avg(ms)         Min         Max     Std Dev       Count

Performance Statistics   2014-02-08 12:12:00 - 2014-02-08 12:13:00
Tag                                                  Avg(ms)         Min         Max     Std Dev       Count

Performance Statistics   2014-02-08 12:13:00 - 2014-02-08 12:14:00
Tag                                                  Avg(ms)         Min         Max     Std Dev       Count

Performance Statistics   2014-02-08 12:14:00 - 2014-02-08 12:15:00
Tag                                                  Avg(ms)         Min         Max     Std Dev       Count

Performance Statistics   2014-02-08 12:15:00 - 2014-02-08 12:16:00
Tag                                                  Avg(ms)         Min         Max     Std Dev       Count

Performance Statistics   2014-02-08 12:16:00 - 2014-02-08 12:17:00
Tag                                                  Avg(ms)         Min         Max     Std Dev       Count

Performance Statistics   2014-02-08 12:17:00 - 2014-02-08 12:18:00
Tag                                                  Avg(ms)         Min         Max     Std Dev       Count

Performance Statistics   2014-02-08 12:18:00 - 2014-02-08 12:19:00
Tag                                                  Avg(ms)         Min         Max     Std Dev       Count

Performance Statistics   2014-02-08 12:19:00 - 2014-02-08 12:20:00
Tag                                                  Avg(ms)         Min         Max     Std Dev       Count

Performance Statistics   2014-02-08 12:20:00 - 2014-02-08 12:21:00
Tag                                                  Avg(ms)         Min         Max     Std Dev       Count

Performance Statistics   2014-02-08 12:21:00 - 2014-02-08 12:22:00
Tag                                                  Avg(ms)         Min         Max     Std Dev       Count

Performance Statistics   2014-02-08 12:22:00 - 2014-02-08 12:23:00
Tag                                                  Avg(ms)         Min         Max     Std Dev       Count

Performance Statistics   2014-02-08 12:23:00 - 2014-02-08 12:24:00
Tag                                                  Avg(ms)         Min         Max     Std Dev       Count

Performance Statistics   2014-02-08 12:24:00 - 2014-02-08 12:25:00
Tag                                                  Avg(ms)         Min         Max     Std Dev       Count

Performance Statistics   2014-02-08 12:25:00 - 2014-02-08 12:26:00
Tag                                                  Avg(ms)         Min         Max     Std Dev       Count

Performance Statistics   2014-02-08 12:26:00 - 2014-02-08 12:27:00
Tag                                                  Avg(ms)         Min         Max     Std Dev       Count

Performance Statistics   2014-02-08 12:27:00 - 2014-02-08 12:28:00
Tag                                                  Avg(ms)         Min         Max     Std Dev       Count

Performance Statistics   2014-02-08 12:29:00 - 2014-02-08 12:30:00
Tag                                                  Avg(ms)         Min         Max     Std Dev       Count

Performance Statistics   2014-02-08 12:43:00 - 2014-02-08 12:44:00
Tag                                                  Avg(ms)         Min         Max     Std Dev       Count

Performance Statistics   2014-02-08 12:56:00 - 2014-02-08 12:57:00
Tag                                                  Avg(ms)         Min         Max     Std Dev       Count

Performance Statistics   2014-02-08 12:57:00 - 2014-02-08 12:58:00
Tag                                                  Avg(ms)         Min         Max     Std Dev       Count

Performance Statistics   2014-02-08 12:58:00 - 2014-02-08 12:59:00
Tag                                                  Avg(ms)         Min         Max     Std Dev       Count
AUTHENTICATE                                             1.0           1           1         0.0           2
CREATE_TICKET_GRANTING_TICKET                            4.5           3           6         1.5           2
GRANT_SERVICE_TICKET                                     0.5           0           1         0.5           2
VALIDATE_SERVICE_TICKET                                  1.5           0           3         1.5           2

Performance Statistics   2014-02-08 12:59:00 - 2014-02-08 13:00:00
Tag                                                  Avg(ms)         Min         Max     Std Dev       Count

Performance Statistics   2014-02-08 13:00:00 - 2014-02-08 13:01:00
Tag                                                  Avg(ms)         Min         Max     Std Dev       Count

Performance Statistics   2014-02-08 13:01:00 - 2014-02-08 13:02:00
Tag                                                  Avg(ms)         Min         Max     Std Dev       Count

Performance Statistics   2014-02-08 13:02:00 - 2014-02-08 13:03:00
Tag                                                  Avg(ms)         Min         Max     Std Dev       Count

Performance Statistics   2014-02-08 13:03:00 - 2014-02-08 13:04:00
Tag                                                  Avg(ms)         Min         Max     Std Dev       Count

Performance Statistics   2014-02-08 13:04:00 - 2014-02-08 13:05:00
Tag                                                  Avg(ms)         Min         Max     Std Dev       Count

Performance Statistics   2014-02-08 13:05:00 - 2014-02-08 13:06:00
Tag                                                  Avg(ms)         Min         Max     Std Dev       Count

Performance Statistics   2014-02-08 13:06:00 - 2014-02-08 13:07:00
Tag                                                  Avg(ms)         Min         Max     Std Dev       Count

Performance Statistics   2014-02-08 13:07:00 - 2014-02-08 13:08:00
Tag                                                  Avg(ms)         Min         Max     Std Dev       Count

Performance Statistics   2014-02-08 13:08:00 - 2014-02-08 13:09:00
Tag                                                  Avg(ms)         Min         Max     Std Dev       Count

Performance Statistics   2014-02-08 13:09:00 - 2014-02-08 13:10:00
Tag                                                  Avg(ms)         Min         Max     Std Dev       Count

Performance Statistics   2014-02-08 13:10:00 - 2014-02-08 13:11:00
Tag                                                  Avg(ms)         Min         Max     Std Dev       Count

Performance Statistics   2014-02-08 13:11:00 - 2014-02-08 13:12:00
Tag                                                  Avg(ms)         Min         Max     Std Dev       Count

Performance Statistics   2014-02-08 13:12:00 - 2014-02-08 13:13:00
Tag                                                  Avg(ms)         Min         Max     Std Dev       Count

Performance Statistics   2014-02-08 13:13:00 - 2014-02-08 13:14:00
Tag                                                  Avg(ms)         Min         Max     Std Dev       Count

Performance Statistics   2014-02-08 13:14:00 - 2014-02-08 13:15:00
Tag                                                  Avg(ms)         Min         Max     Std Dev       Count

Performance Statistics   2014-02-08 13:15:00 - 2014-02-08 13:16:00
Tag                                                  Avg(ms)         Min         Max     Std Dev       Count

Performance Statistics   2014-02-08 13:16:00 - 2014-02-08 13:17:00
Tag                                                  Avg(ms)         Min         Max     Std Dev       Count

Performance Statistics   2014-02-08 21:23:00 - 2014-02-08 21:24:00
Tag                                                  Avg(ms)         Min         Max     Std Dev       Count

Performance Statistics   2014-02-08 21:24:00 - 2014-02-08 21:25:00
Tag                                                  Avg(ms)         Min         Max     Std Dev       Count
DESTROY_TICKET_GRANTING_TICKET                           8.0           8           8         0.0           1

Performance Statistics   2014-02-08 21:25:00 - 2014-02-08 21:26:00
Tag                                                  Avg(ms)         Min         Max     Std Dev       Count

Performance Statistics   2014-02-08 21:26:00 - 2014-02-08 21:27:00
Tag                                                  Avg(ms)         Min         Max     Std Dev       Count

Performance Statistics   2014-02-08 21:27:00 - 2014-02-08 21:28:00
Tag                                                  Avg(ms)         Min         Max     Std Dev       Count

Performance Statistics   2014-02-08 21:28:00 - 2014-02-08 21:29:00
Tag                                                  Avg(ms)         Min         Max     Std Dev       Count

Performance Statistics   2014-02-08 21:29:00 - 2014-02-08 21:30:00
Tag                                                  Avg(ms)         Min         Max     Std Dev       Count

Performance Statistics   2014-02-08 21:30:00 - 2014-02-08 21:31:00
Tag                                                  Avg(ms)         Min         Max     Std Dev       Count

Performance Statistics   2014-02-08 21:31:00 - 2014-02-08 21:32:00
Tag                                                  Avg(ms)         Min         Max     Std Dev       Count

Performance Statistics   2014-02-08 21:32:00 - 2014-02-08 21:33:00
Tag                                                  Avg(ms)         Min         Max     Std Dev       Count

Performance Statistics   2014-02-08 21:33:00 - 2014-02-08 21:34:00
Tag                                                  Avg(ms)         Min         Max     Std Dev       Count

Performance Statistics   2014-02-08 21:34:00 - 2014-02-08 21:35:00
Tag                                                  Avg(ms)         Min         Max     Std Dev       Count

Performance Statistics   2014-02-08 21:35:00 - 2014-02-08 21:36:00
Tag                                                  Avg(ms)         Min         Max     Std Dev       Count

Performance Statistics   2014-02-08 21:36:00 - 2014-02-08 21:37:00
Tag                                                  Avg(ms)         Min         Max     Std Dev       Count

Performance Statistics   2014-02-08 21:37:00 - 2014-02-08 21:38:00
Tag                                                  Avg(ms)         Min         Max     Std Dev       Count

Performance Statistics   2014-02-08 21:38:00 - 2014-02-08 21:39:00
Tag                                                  Avg(ms)         Min         Max     Std Dev       Count

Performance Statistics   2014-02-08 21:39:00 - 2014-02-08 21:40:00
Tag                                                  Avg(ms)         Min         Max     Std Dev       Count

Performance Statistics   2014-02-08 21:40:00 - 2014-02-08 21:41:00
Tag                                                  Avg(ms)         Min         Max     Std Dev       Count

Performance Statistics   2014-02-08 21:41:00 - 2014-02-08 21:42:00
Tag                                                  Avg(ms)         Min         Max     Std Dev       Count

Performance Statistics   2014-02-08 21:42:00 - 2014-02-08 21:43:00
Tag                                                  Avg(ms)         Min         Max     Std Dev       Count

Performance Statistics   2014-02-08 21:43:00 - 2014-02-08 21:44:00
Tag                                                  Avg(ms)         Min         Max     Std Dev       Count

Performance Statistics   2014-02-08 21:44:00 - 2014-02-08 21:45:00
Tag                                                  Avg(ms)         Min         Max     Std Dev       Count

Performance Statistics   2014-02-08 21:45:00 - 2014-02-08 21:46:00
Tag                                                  Avg(ms)         Min         Max     Std Dev       Count

Performance Statistics   2014-02-08 21:46:00 - 2014-02-08 21:47:00
Tag                                                  Avg(ms)         Min         Max     Std Dev       Count

Performance Statistics   2014-02-08 21:47:00 - 2014-02-08 21:48:00
Tag                                                  Avg(ms)         Min         Max     Std Dev       Count

Performance Statistics   2014-02-08 21:48:00 - 2014-02-08 21:49:00
Tag                                                  Avg(ms)         Min         Max     Std Dev       Count

Performance Statistics   2014-02-08 21:49:00 - 2014-02-08 21:50:00
Tag                                                  Avg(ms)         Min         Max     Std Dev       Count

Performance Statistics   2014-02-08 21:50:00 - 2014-02-08 21:51:00
Tag                                                  Avg(ms)         Min         Max     Std Dev       Count

Performance Statistics   2014-02-08 21:51:00 - 2014-02-08 21:52:00
Tag                                                  Avg(ms)         Min         Max     Std Dev       Count

Performance Statistics   2014-02-08 21:52:00 - 2014-02-08 21:53:00
Tag                                                  Avg(ms)         Min         Max     Std Dev       Count

Performance Statistics   2014-02-08 21:53:00 - 2014-02-08 21:54:00
Tag                                                  Avg(ms)         Min         Max     Std Dev       Count

Performance Statistics   2014-02-08 21:54:00 - 2014-02-08 21:55:00
Tag                                                  Avg(ms)         Min         Max     Std Dev       Count

Performance Statistics   2014-02-08 21:55:00 - 2014-02-08 21:56:00
Tag                                                  Avg(ms)         Min         Max     Std Dev       Count

Performance Statistics   2014-02-08 21:56:00 - 2014-02-08 21:57:00
Tag                                                  Avg(ms)         Min         Max     Std Dev       Count

Performance Statistics   2014-02-08 21:57:00 - 2014-02-08 21:58:00
Tag                                                  Avg(ms)         Min         Max     Std Dev       Count

Performance Statistics   2014-02-08 21:58:00 - 2014-02-08 21:59:00
Tag                                                  Avg(ms)         Min         Max     Std Dev       Count

Performance Statistics   2014-02-08 21:59:00 - 2014-02-08 22:00:00
Tag                                                  Avg(ms)         Min         Max     Std Dev       Count

Performance Statistics   2014-02-08 22:00:00 - 2014-02-08 22:01:00
Tag                                                  Avg(ms)         Min         Max     Std Dev       Count

Performance Statistics   2014-02-08 22:01:00 - 2014-02-08 22:02:00
Tag                                                  Avg(ms)         Min         Max     Std Dev       Count

Performance Statistics   2014-02-08 22:02:00 - 2014-02-08 22:03:00
Tag                                                  Avg(ms)         Min         Max     Std Dev       Count

Performance Statistics   2014-02-08 22:03:00 - 2014-02-08 22:04:00
Tag                                                  Avg(ms)         Min         Max     Std Dev       Count

Performance Statistics   2014-02-08 22:04:00 - 2014-02-08 22:05:00
Tag                                                  Avg(ms)         Min         Max     Std Dev       Count

Performance Statistics   2014-02-08 22:05:00 - 2014-02-08 22:06:00
Tag                                                  Avg(ms)         Min         Max     Std Dev       Count

Performance Statistics   2014-02-08 22:06:00 - 2014-02-08 22:07:00
Tag                                                  Avg(ms)         Min         Max     Std Dev       Count

Performance Statistics   2014-02-08 22:07:00 - 2014-02-08 22:08:00
Tag                                                  Avg(ms)         Min         Max     Std Dev       Count

Performance Statistics   2014-02-08 22:08:00 - 2014-02-08 22:09:00
Tag                                                  Avg(ms)         Min         Max     Std Dev       Count

Performance Statistics   2014-02-08 22:09:00 - 2014-02-08 22:10:00
Tag                                                  Avg(ms)         Min         Max     Std Dev       Count

Performance Statistics   2014-02-08 22:10:00 - 2014-02-08 22:11:00
Tag                                                  Avg(ms)         Min         Max     Std Dev       Count

Performance Statistics   2014-02-08 22:11:00 - 2014-02-08 22:12:00
Tag                                                  Avg(ms)         Min         Max     Std Dev       Count

Performance Statistics   2014-02-08 22:12:00 - 2014-02-08 22:13:00
Tag                                                  Avg(ms)         Min         Max     Std Dev       Count

Performance Statistics   2014-02-08 22:13:00 - 2014-02-08 22:14:00
Tag                                                  Avg(ms)         Min         Max     Std Dev       Count

Performance Statistics   2014-02-08 22:14:00 - 2014-02-08 22:15:00
Tag                                                  Avg(ms)         Min         Max     Std Dev       Count

Performance Statistics   2014-02-08 22:15:00 - 2014-02-08 22:16:00
Tag                                                  Avg(ms)         Min         Max     Std Dev       Count

Performance Statistics   2014-02-08 22:16:00 - 2014-02-08 22:17:00
Tag                                                  Avg(ms)         Min         Max     Std Dev       Count

Performance Statistics   2014-02-08 22:17:00 - 2014-02-08 22:18:00
Tag                                                  Avg(ms)         Min         Max     Std Dev       Count

Performance Statistics   2014-02-08 22:18:00 - 2014-02-08 22:19:00
Tag                                                  Avg(ms)         Min         Max     Std Dev       Count

Performance Statistics   2014-02-08 22:19:00 - 2014-02-08 22:20:00
Tag                                                  Avg(ms)         Min         Max     Std Dev       Count

Performance Statistics   2014-02-08 22:20:00 - 2014-02-08 22:21:00
Tag                                                  Avg(ms)         Min         Max     Std Dev       Count

Performance Statistics   2014-02-08 22:21:00 - 2014-02-08 22:22:00
Tag                                                  Avg(ms)         Min         Max     Std Dev       Count

Performance Statistics   2014-02-08 22:22:00 - 2014-02-08 22:23:00
Tag                                                  Avg(ms)         Min         Max     Std Dev       Count

Performance Statistics   2014-02-08 22:23:00 - 2014-02-08 22:24:00
Tag                                                  Avg(ms)         Min         Max     Std Dev       Count

Performance Statistics   2014-02-08 22:24:00 - 2014-02-08 22:25:00
Tag                                                  Avg(ms)         Min         Max     Std Dev       Count

Performance Statistics   2014-02-08 22:25:00 - 2014-02-08 22:26:00
Tag                                                  Avg(ms)         Min         Max     Std Dev       Count

Performance Statistics   2014-02-08 22:26:00 - 2014-02-08 22:27:00
Tag                                                  Avg(ms)         Min         Max     Std Dev       Count

Performance Statistics   2014-02-08 22:27:00 - 2014-02-08 22:28:00
Tag                                                  Avg(ms)         Min         Max     Std Dev       Count

Performance Statistics   2014-02-08 22:28:00 - 2014-02-08 22:29:00
Tag                                                  Avg(ms)         Min         Max     Std Dev       Count

Performance Statistics   2014-02-08 22:29:00 - 2014-02-08 22:30:00
Tag                                                  Avg(ms)         Min         Max     Std Dev       Count

Performance Statistics   2014-02-08 22:30:00 - 2014-02-08 22:31:00
Tag                                                  Avg(ms)         Min         Max     Std Dev       Count

Performance Statistics   2014-02-08 22:31:00 - 2014-02-08 22:32:00
Tag                                                  Avg(ms)         Min         Max     Std Dev       Count

Performance Statistics   2014-02-08 22:32:00 - 2014-02-08 22:33:00
Tag                                                  Avg(ms)         Min         Max     Std Dev       Count

Performance Statistics   2014-02-08 22:33:00 - 2014-02-08 22:34:00
Tag                                                  Avg(ms)         Min         Max     Std Dev       Count

Performance Statistics   2014-02-08 22:34:00 - 2014-02-08 22:35:00
Tag                                                  Avg(ms)         Min         Max     Std Dev       Count

Performance Statistics   2014-02-08 22:35:00 - 2014-02-08 22:36:00
Tag                                                  Avg(ms)         Min         Max     Std Dev       Count

Performance Statistics   2014-02-08 22:36:00 - 2014-02-08 22:37:00
Tag                                                  Avg(ms)         Min         Max     Std Dev       Count

Performance Statistics   2014-02-08 22:37:00 - 2014-02-08 22:38:00
Tag                                                  Avg(ms)         Min         Max     Std Dev       Count

Performance Statistics   2014-02-08 22:38:00 - 2014-02-08 22:39:00
Tag                                                  Avg(ms)         Min         Max     Std Dev       Count

Performance Statistics   2014-02-08 22:39:00 - 2014-02-08 22:40:00
Tag                                                  Avg(ms)         Min         Max     Std Dev       Count

Performance Statistics   2014-02-08 22:40:00 - 2014-02-08 22:41:00
Tag                                                  Avg(ms)         Min         Max     Std Dev       Count

Performance Statistics   2014-02-08 22:41:00 - 2014-02-08 22:42:00
Tag                                                  Avg(ms)         Min         Max     Std Dev       Count

Performance Statistics   2014-02-08 22:42:00 - 2014-02-08 22:43:00
Tag                                                  Avg(ms)         Min         Max     Std Dev       Count

Performance Statistics   2014-02-08 22:43:00 - 2014-02-08 22:44:00
Tag                                                  Avg(ms)         Min         Max     Std Dev       Count

Performance Statistics   2014-02-08 22:44:00 - 2014-02-08 22:45:00
Tag                                                  Avg(ms)         Min         Max     Std Dev       Count

Performance Statistics   2014-02-08 22:45:00 - 2014-02-08 22:46:00
Tag                                                  Avg(ms)         Min         Max     Std Dev       Count

Performance Statistics   2014-02-08 22:46:00 - 2014-02-08 22:47:00
Tag                                                  Avg(ms)         Min         Max     Std Dev       Count

Performance Statistics   2014-02-08 22:47:00 - 2014-02-08 22:48:00
Tag                                                  Avg(ms)         Min         Max     Std Dev       Count

Performance Statistics   2014-02-08 22:48:00 - 2014-02-08 22:49:00
Tag                                                  Avg(ms)         Min         Max     Std Dev       Count

Performance Statistics   2014-02-08 22:49:00 - 2014-02-08 22:50:00
Tag                                                  Avg(ms)         Min         Max     Std Dev       Count

Performance Statistics   2014-02-08 22:50:00 - 2014-02-08 22:51:00
Tag                                                  Avg(ms)         Min         Max     Std Dev       Count

Performance Statistics   2014-02-08 22:51:00 - 2014-02-08 22:52:00
Tag                                                  Avg(ms)         Min         Max     Std Dev       Count

Performance Statistics   2014-02-08 22:52:00 - 2014-02-08 22:53:00
Tag                                                  Avg(ms)         Min         Max     Std Dev       Count

Performance Statistics   2014-02-08 22:53:00 - 2014-02-08 22:54:00
Tag                                                  Avg(ms)         Min         Max     Std Dev       Count

Performance Statistics   2014-02-08 22:54:00 - 2014-02-08 22:55:00
Tag                                                  Avg(ms)         Min         Max     Std Dev       Count

Performance Statistics   2014-02-08 22:55:00 - 2014-02-08 22:56:00
Tag                                                  Avg(ms)         Min         Max     Std Dev       Count

Performance Statistics   2014-02-08 22:56:00 - 2014-02-08 22:57:00
Tag                                                  Avg(ms)         Min         Max     Std Dev       Count

Performance Statistics   2014-02-08 22:57:00 - 2014-02-08 22:58:00
Tag                                                  Avg(ms)         Min         Max     Std Dev       Count

Performance Statistics   2014-02-08 22:58:00 - 2014-02-08 22:59:00
Tag                                                  Avg(ms)         Min         Max     Std Dev       Count

Performance Statistics   2014-02-08 22:59:00 - 2014-02-08 23:00:00
Tag                                                  Avg(ms)         Min         Max     Std Dev       Count

Performance Statistics   2014-02-08 23:00:00 - 2014-02-08 23:01:00
Tag                                                  Avg(ms)         Min         Max     Std Dev       Count

Performance Statistics   2014-02-08 23:01:00 - 2014-02-08 23:02:00
Tag                                                  Avg(ms)         Min         Max     Std Dev       Count

Performance Statistics   2014-02-08 23:02:00 - 2014-02-08 23:03:00
Tag                                                  Avg(ms)         Min         Max     Std Dev       Count

Performance Statistics   2014-02-08 23:03:00 - 2014-02-08 23:04:00
Tag                                                  Avg(ms)         Min         Max     Std Dev       Count

Performance Statistics   2014-02-08 23:04:00 - 2014-02-08 23:05:00
Tag                                                  Avg(ms)         Min         Max     Std Dev       Count

Performance Statistics   2014-02-08 23:05:00 - 2014-02-08 23:06:00
Tag                                                  Avg(ms)         Min         Max     Std Dev       Count

Performance Statistics   2014-02-08 23:06:00 - 2014-02-08 23:07:00
Tag                                                  Avg(ms)         Min         Max     Std Dev       Count

Performance Statistics   2014-02-08 23:07:00 - 2014-02-08 23:08:00
Tag                                                  Avg(ms)         Min         Max     Std Dev       Count

Performance Statistics   2014-02-08 23:08:00 - 2014-02-08 23:09:00
Tag                                                  Avg(ms)         Min         Max     Std Dev       Count

Performance Statistics   2014-02-08 23:09:00 - 2014-02-08 23:10:00
Tag                                                  Avg(ms)         Min         Max     Std Dev       Count

Performance Statistics   2014-02-08 23:10:00 - 2014-02-08 23:11:00
Tag                                                  Avg(ms)         Min         Max     Std Dev       Count

Performance Statistics   2014-02-08 23:11:00 - 2014-02-08 23:12:00
Tag                                                  Avg(ms)         Min         Max     Std Dev       Count

Performance Statistics   2014-02-08 23:12:00 - 2014-02-08 23:13:00
Tag                                                  Avg(ms)         Min         Max     Std Dev       Count

Performance Statistics   2014-02-08 23:13:00 - 2014-02-08 23:14:00
Tag                                                  Avg(ms)         Min         Max     Std Dev       Count

Performance Statistics   2014-02-08 23:14:00 - 2014-02-08 23:15:00
Tag                                                  Avg(ms)         Min         Max     Std Dev       Count

Performance Statistics   2014-02-08 23:15:00 - 2014-02-08 23:16:00
Tag                                                  Avg(ms)         Min         Max     Std Dev       Count

Performance Statistics   2014-02-08 23:16:00 - 2014-02-08 23:17:00
Tag                                                  Avg(ms)         Min         Max     Std Dev       Count

Performance Statistics   2014-02-08 23:17:00 - 2014-02-08 23:18:00
Tag                                                  Avg(ms)         Min         Max     Std Dev       Count

Performance Statistics   2014-02-08 23:18:00 - 2014-02-08 23:19:00
Tag                                                  Avg(ms)         Min         Max     Std Dev       Count

Performance Statistics   2014-02-08 23:19:00 - 2014-02-08 23:20:00
Tag                                                  Avg(ms)         Min         Max     Std Dev       Count

Performance Statistics   2014-02-08 23:20:00 - 2014-02-08 23:21:00
Tag                                                  Avg(ms)         Min         Max     Std Dev       Count

Performance Statistics   2014-02-08 23:21:00 - 2014-02-08 23:22:00
Tag                                                  Avg(ms)         Min         Max     Std Dev       Count

Performance Statistics   2014-02-08 23:22:00 - 2014-02-08 23:23:00
Tag                                                  Avg(ms)         Min         Max     Std Dev       Count

Performance Statistics   2014-02-08 23:23:00 - 2014-02-08 23:24:00
Tag                                                  Avg(ms)         Min         Max     Std Dev       Count

Performance Statistics   2014-02-08 23:24:00 - 2014-02-08 23:25:00
Tag                                                  Avg(ms)         Min         Max     Std Dev       Count

Performance Statistics   2014-02-08 23:25:00 - 2014-02-08 23:26:00
Tag                                                  Avg(ms)         Min         Max     Std Dev       Count

Performance Statistics   2014-02-08 23:26:00 - 2014-02-08 23:27:00
Tag                                                  Avg(ms)         Min         Max     Std Dev       Count

Performance Statistics   2014-02-08 23:27:00 - 2014-02-08 23:28:00
Tag                                                  Avg(ms)         Min         Max     Std Dev       Count

Performance Statistics   2014-02-08 23:28:00 - 2014-02-08 23:29:00
Tag                                                  Avg(ms)         Min         Max     Std Dev       Count

Performance Statistics   2014-02-08 23:29:00 - 2014-02-08 23:30:00
Tag                                                  Avg(ms)         Min         Max     Std Dev       Count

Performance Statistics   2014-02-08 23:30:00 - 2014-02-08 23:31:00
Tag                                                  Avg(ms)         Min         Max     Std Dev       Count

Performance Statistics   2014-02-08 23:31:00 - 2014-02-08 23:32:00
Tag                                                  Avg(ms)         Min         Max     Std Dev       Count

Performance Statistics   2014-02-08 23:32:00 - 2014-02-08 23:33:00
Tag                                                  Avg(ms)         Min         Max     Std Dev       Count

Performance Statistics   2014-02-08 23:33:00 - 2014-02-08 23:34:00
Tag                                                  Avg(ms)         Min         Max     Std Dev       Count

Performance Statistics   2014-02-08 23:34:00 - 2014-02-08 23:35:00
Tag                                                  Avg(ms)         Min         Max     Std Dev       Count

Performance Statistics   2014-02-08 23:35:00 - 2014-02-08 23:36:00
Tag                                                  Avg(ms)         Min         Max     Std Dev       Count

Performance Statistics   2014-02-08 23:36:00 - 2014-02-08 23:37:00
Tag                                                  Avg(ms)         Min         Max     Std Dev       Count

Performance Statistics   2014-02-08 23:37:00 - 2014-02-08 23:38:00
Tag                                                  Avg(ms)         Min         Max     Std Dev       Count

Performance Statistics   2014-02-08 23:38:00 - 2014-02-08 23:39:00
Tag                                                  Avg(ms)         Min         Max     Std Dev       Count

Performance Statistics   2014-02-08 23:39:00 - 2014-02-08 23:40:00
Tag                                                  Avg(ms)         Min         Max     Std Dev       Count

Performance Statistics   2014-02-08 23:40:00 - 2014-02-08 23:41:00
Tag                                                  Avg(ms)         Min         Max     Std Dev       Count

Performance Statistics   2014-02-08 23:41:00 - 2014-02-08 23:42:00
Tag                                                  Avg(ms)         Min         Max     Std Dev       Count

Performance Statistics   2014-02-08 23:42:00 - 2014-02-08 23:43:00
Tag                                                  Avg(ms)         Min         Max     Std Dev       Count

Performance Statistics   2014-02-08 23:43:00 - 2014-02-08 23:44:00
Tag                                                  Avg(ms)         Min         Max     Std Dev       Count

Performance Statistics   2014-02-08 23:44:00 - 2014-02-08 23:45:00
Tag                                                  Avg(ms)         Min         Max     Std Dev       Count

Performance Statistics   2014-02-08 23:45:00 - 2014-02-08 23:46:00
Tag                                                  Avg(ms)         Min         Max     Std Dev       Count

Performance Statistics   2014-02-08 23:46:00 - 2014-02-08 23:47:00
Tag                                                  Avg(ms)         Min         Max     Std Dev       Count

Performance Statistics   2014-02-08 23:47:00 - 2014-02-08 23:48:00
Tag                                                  Avg(ms)         Min         Max     Std Dev       Count

Performance Statistics   2014-02-08 23:48:00 - 2014-02-08 23:49:00
Tag                                                  Avg(ms)         Min         Max     Std Dev       Count

Performance Statistics   2014-02-08 23:49:00 - 2014-02-08 23:50:00
Tag                                                  Avg(ms)         Min         Max     Std Dev       Count

Performance Statistics   2014-02-08 23:50:00 - 2014-02-08 23:51:00
Tag                                                  Avg(ms)         Min         Max     Std Dev       Count

Performance Statistics   2014-02-08 23:51:00 - 2014-02-08 23:52:00
Tag                                                  Avg(ms)         Min         Max     Std Dev       Count

Performance Statistics   2014-02-08 23:52:00 - 2014-02-08 23:53:00
Tag                                                  Avg(ms)         Min         Max     Std Dev       Count

Performance Statistics   2014-02-08 23:53:00 - 2014-02-08 23:54:00
Tag                                                  Avg(ms)         Min         Max     Std Dev       Count

Performance Statistics   2014-02-08 23:54:00 - 2014-02-08 23:55:00
Tag                                                  Avg(ms)         Min         Max     Std Dev       Count

Performance Statistics   2014-02-08 23:55:00 - 2014-02-08 23:56:00
Tag                                                  Avg(ms)         Min         Max     Std Dev       Count

Performance Statistics   2014-02-08 23:56:00 - 2014-02-08 23:57:00
Tag                                                  Avg(ms)         Min         Max     Std Dev       Count

Performance Statistics   2014-02-08 23:57:00 - 2014-02-08 23:58:00
Tag                                                  Avg(ms)         Min         Max     Std Dev       Count

Performance Statistics   2014-02-08 23:58:00 - 2014-02-08 23:59:00
Tag                                                  Avg(ms)         Min         Max     Std Dev       Count

Performance Statistics   2014-02-08 23:59:00 - 2014-02-09 00:00:00
Tag                                                  Avg(ms)         Min         Max     Std Dev       Count

Performance Statistics   2014-02-09 00:00:00 - 2014-02-09 00:01:00
Tag                                                  Avg(ms)         Min         Max     Std Dev       Count

Performance Statistics   2014-02-09 00:01:00 - 2014-02-09 00:02:00
Tag                                                  Avg(ms)         Min         Max     Std Dev       Count

Performance Statistics   2014-02-09 00:02:00 - 2014-02-09 00:03:00
Tag                                                  Avg(ms)         Min         Max     Std Dev       Count

Performance Statistics   2014-02-09 00:03:00 - 2014-02-09 00:04:00
Tag                                                  Avg(ms)         Min         Max     Std Dev       Count

Performance Statistics   2014-02-09 00:04:00 - 2014-02-09 00:05:00
Tag                                                  Avg(ms)         Min         Max     Std Dev       Count

Performance Statistics   2014-02-09 00:05:00 - 2014-02-09 00:06:00
Tag                                                  Avg(ms)         Min         Max     Std Dev       Count

Performance Statistics   2014-02-09 00:06:00 - 2014-02-09 00:07:00
Tag                                                  Avg(ms)         Min         Max     Std Dev       Count

Performance Statistics   2014-02-09 00:07:00 - 2014-02-09 00:08:00
Tag                                                  Avg(ms)         Min         Max     Std Dev       Count

Performance Statistics   2014-02-09 00:08:00 - 2014-02-09 00:09:00
Tag                                                  Avg(ms)         Min         Max     Std Dev       Count

Performance Statistics   2014-02-09 00:09:00 - 2014-02-09 00:10:00
Tag                                                  Avg(ms)         Min         Max     Std Dev       Count

Performance Statistics   2014-02-09 00:10:00 - 2014-02-09 00:11:00
Tag                                                  Avg(ms)         Min         Max     Std Dev       Count

Performance Statistics   2014-02-09 00:11:00 - 2014-02-09 00:12:00
Tag                                                  Avg(ms)         Min         Max     Std Dev       Count

Performance Statistics   2014-02-09 00:12:00 - 2014-02-09 00:13:00
Tag                                                  Avg(ms)         Min         Max     Std Dev       Count

Performance Statistics   2014-02-09 00:13:00 - 2014-02-09 00:14:00
Tag                                                  Avg(ms)         Min         Max     Std Dev       Count

Performance Statistics   2014-02-09 00:14:00 - 2014-02-09 00:15:00
Tag                                                  Avg(ms)         Min         Max     Std Dev       Count

Performance Statistics   2014-02-09 00:15:00 - 2014-02-09 00:16:00
Tag                                                  Avg(ms)         Min         Max     Std Dev       Count

Performance Statistics   2014-02-09 00:16:00 - 2014-02-09 00:17:00
Tag                                                  Avg(ms)         Min         Max     Std Dev       Count

Performance Statistics   2014-02-09 00:17:00 - 2014-02-09 00:18:00
Tag                                                  Avg(ms)         Min         Max     Std Dev       Count

Performance Statistics   2014-02-09 00:18:00 - 2014-02-09 00:19:00
Tag                                                  Avg(ms)         Min         Max     Std Dev       Count

Performance Statistics   2014-02-09 00:19:00 - 2014-02-09 00:20:00
Tag                                                  Avg(ms)         Min         Max     Std Dev       Count

Performance Statistics   2014-02-09 00:20:00 - 2014-02-09 00:21:00
Tag                                                  Avg(ms)         Min         Max     Std Dev       Count

Performance Statistics   2014-02-09 00:21:00 - 2014-02-09 00:22:00
Tag                                                  Avg(ms)         Min         Max     Std Dev       Count

Performance Statistics   2014-02-09 00:22:00 - 2014-02-09 00:23:00
Tag                                                  Avg(ms)         Min         Max     Std Dev       Count

Performance Statistics   2014-02-09 00:23:00 - 2014-02-09 00:24:00
Tag                                                  Avg(ms)         Min         Max     Std Dev       Count

Performance Statistics   2014-02-09 00:24:00 - 2014-02-09 00:25:00
Tag                                                  Avg(ms)         Min         Max     Std Dev       Count

Performance Statistics   2014-02-09 00:25:00 - 2014-02-09 00:26:00
Tag                                                  Avg(ms)         Min         Max     Std Dev       Count

Performance Statistics   2014-02-09 00:26:00 - 2014-02-09 00:27:00
Tag                                                  Avg(ms)         Min         Max     Std Dev       Count

Performance Statistics   2014-02-09 00:27:00 - 2014-02-09 00:28:00
Tag                                                  Avg(ms)         Min         Max     Std Dev       Count

Performance Statistics   2014-02-09 00:28:00 - 2014-02-09 00:29:00
Tag                                                  Avg(ms)         Min         Max     Std Dev       Count

Performance Statistics   2014-02-09 00:29:00 - 2014-02-09 00:30:00
Tag                                                  Avg(ms)         Min         Max     Std Dev       Count

Performance Statistics   2014-02-09 00:30:00 - 2014-02-09 00:31:00
Tag                                                  Avg(ms)         Min         Max     Std Dev       Count

Performance Statistics   2014-02-09 00:31:00 - 2014-02-09 00:32:00
Tag                                                  Avg(ms)         Min         Max     Std Dev       Count

Performance Statistics   2014-02-09 00:32:00 - 2014-02-09 00:33:00
Tag                                                  Avg(ms)         Min         Max     Std Dev       Count

Performance Statistics   2014-02-09 00:33:00 - 2014-02-09 00:34:00
Tag                                                  Avg(ms)         Min         Max     Std Dev       Count

Performance Statistics   2014-02-09 00:34:00 - 2014-02-09 00:35:00
Tag                                                  Avg(ms)         Min         Max     Std Dev       Count

Performance Statistics   2014-02-09 00:35:00 - 2014-02-09 00:36:00
Tag                                                  Avg(ms)         Min         Max     Std Dev       Count

Performance Statistics   2014-02-09 00:36:00 - 2014-02-09 00:37:00
Tag                                                  Avg(ms)         Min         Max     Std Dev       Count

Performance Statistics   2014-02-09 00:37:00 - 2014-02-09 00:38:00
Tag                                                  Avg(ms)         Min         Max     Std Dev       Count

Performance Statistics   2014-02-09 00:38:00 - 2014-02-09 00:39:00
Tag                                                  Avg(ms)         Min         Max     Std Dev       Count

Performance Statistics   2014-02-09 00:39:00 - 2014-02-09 00:40:00
Tag                                                  Avg(ms)         Min         Max     Std Dev       Count

Performance Statistics   2014-02-09 00:40:00 - 2014-02-09 00:41:00
Tag                                                  Avg(ms)         Min         Max     Std Dev       Count

Performance Statistics   2014-02-09 00:41:00 - 2014-02-09 00:42:00
Tag                                                  Avg(ms)         Min         Max     Std Dev       Count

Performance Statistics   2014-02-09 00:42:00 - 2014-02-09 00:43:00
Tag                                                  Avg(ms)         Min         Max     Std Dev       Count

Performance Statistics   2014-02-09 00:43:00 - 2014-02-09 00:44:00
Tag                                                  Avg(ms)         Min         Max     Std Dev       Count

Performance Statistics   2014-02-09 00:44:00 - 2014-02-09 00:45:00
Tag                                                  Avg(ms)         Min         Max     Std Dev       Count

Performance Statistics   2014-02-09 00:45:00 - 2014-02-09 00:46:00
Tag                                                  Avg(ms)         Min         Max     Std Dev       Count

Performance Statistics   2014-02-09 00:46:00 - 2014-02-09 00:47:00
Tag                                                  Avg(ms)         Min         Max     Std Dev       Count

Performance Statistics   2014-02-09 00:47:00 - 2014-02-09 00:48:00
Tag                                                  Avg(ms)         Min         Max     Std Dev       Count

Performance Statistics   2014-02-09 08:57:00 - 2014-02-09 08:58:00
Tag                                                  Avg(ms)         Min         Max     Std Dev       Count

Performance Statistics   2014-02-09 08:58:00 - 2014-02-09 08:59:00
Tag                                                  Avg(ms)         Min         Max     Std Dev       Count

Performance Statistics   2014-02-09 08:59:00 - 2014-02-09 09:00:00
Tag                                                  Avg(ms)         Min         Max     Std Dev       Count

Performance Statistics   2014-02-09 09:00:00 - 2014-02-09 09:01:00
Tag                                                  Avg(ms)         Min         Max     Std Dev       Count

Performance Statistics   2014-02-09 09:01:00 - 2014-02-09 09:02:00
Tag                                                  Avg(ms)         Min         Max     Std Dev       Count

Performance Statistics   2014-02-09 09:02:00 - 2014-02-09 09:03:00
Tag                                                  Avg(ms)         Min         Max     Std Dev       Count

Performance Statistics   2014-02-09 09:03:00 - 2014-02-09 09:04:00
Tag                                                  Avg(ms)         Min         Max     Std Dev       Count

Performance Statistics   2014-02-09 09:04:00 - 2014-02-09 09:05:00
Tag                                                  Avg(ms)         Min         Max     Std Dev       Count

Performance Statistics   2014-02-09 09:05:00 - 2014-02-09 09:06:00
Tag                                                  Avg(ms)         Min         Max     Std Dev       Count

Performance Statistics   2014-02-09 09:06:00 - 2014-02-09 09:07:00
Tag                                                  Avg(ms)         Min         Max     Std Dev       Count

Performance Statistics   2014-02-09 09:07:00 - 2014-02-09 09:08:00
Tag                                                  Avg(ms)         Min         Max     Std Dev       Count

Performance Statistics   2014-02-09 09:08:00 - 2014-02-09 09:09:00
Tag                                                  Avg(ms)         Min         Max     Std Dev       Count

Performance Statistics   2014-02-09 09:09:00 - 2014-02-09 09:10:00
Tag                                                  Avg(ms)         Min         Max     Std Dev       Count

Performance Statistics   2014-02-09 09:10:00 - 2014-02-09 09:11:00
Tag                                                  Avg(ms)         Min         Max     Std Dev       Count

Performance Statistics   2014-02-09 09:11:00 - 2014-02-09 09:12:00
Tag                                                  Avg(ms)         Min         Max     Std Dev       Count

Performance Statistics   2014-02-09 09:12:00 - 2014-02-09 09:13:00
Tag                                                  Avg(ms)         Min         Max     Std Dev       Count

Performance Statistics   2014-02-09 09:13:00 - 2014-02-09 09:14:00
Tag                                                  Avg(ms)         Min         Max     Std Dev       Count

Performance Statistics   2014-02-09 09:14:00 - 2014-02-09 09:15:00
Tag                                                  Avg(ms)         Min         Max     Std Dev       Count

Performance Statistics   2014-02-09 09:15:00 - 2014-02-09 09:16:00
Tag                                                  Avg(ms)         Min         Max     Std Dev       Count

Performance Statistics   2014-02-09 09:16:00 - 2014-02-09 09:17:00
Tag                                                  Avg(ms)         Min         Max     Std Dev       Count

Performance Statistics   2014-02-09 09:17:00 - 2014-02-09 09:18:00
Tag                                                  Avg(ms)         Min         Max     Std Dev       Count

Performance Statistics   2014-02-09 09:18:00 - 2014-02-09 09:19:00
Tag                                                  Avg(ms)         Min         Max     Std Dev       Count

Performance Statistics   2014-02-09 09:19:00 - 2014-02-09 09:20:00
Tag                                                  Avg(ms)         Min         Max     Std Dev       Count

Performance Statistics   2014-02-09 09:20:00 - 2014-02-09 09:21:00
Tag                                                  Avg(ms)         Min         Max     Std Dev       Count

Performance Statistics   2014-02-09 09:21:00 - 2014-02-09 09:22:00
Tag                                                  Avg(ms)         Min         Max     Std Dev       Count

Performance Statistics   2014-02-09 09:22:00 - 2014-02-09 09:23:00
Tag                                                  Avg(ms)         Min         Max     Std Dev       Count

Performance Statistics   2014-02-09 09:23:00 - 2014-02-09 09:24:00
Tag                                                  Avg(ms)         Min         Max     Std Dev       Count

Performance Statistics   2014-02-09 09:24:00 - 2014-02-09 09:25:00
Tag                                                  Avg(ms)         Min         Max     Std Dev       Count

Performance Statistics   2014-02-09 09:25:00 - 2014-02-09 09:26:00
Tag                                                  Avg(ms)         Min         Max     Std Dev       Count

Performance Statistics   2014-02-09 09:26:00 - 2014-02-09 09:27:00
Tag                                                  Avg(ms)         Min         Max     Std Dev       Count

Performance Statistics   2014-02-09 09:27:00 - 2014-02-09 09:28:00
Tag                                                  Avg(ms)         Min         Max     Std Dev       Count

Performance Statistics   2014-02-09 09:28:00 - 2014-02-09 09:29:00
Tag                                                  Avg(ms)         Min         Max     Std Dev       Count

Performance Statistics   2014-02-09 09:29:00 - 2014-02-09 09:30:00
Tag                                                  Avg(ms)         Min         Max     Std Dev       Count

Performance Statistics   2014-02-09 09:30:00 - 2014-02-09 09:31:00
Tag                                                  Avg(ms)         Min         Max     Std Dev       Count

Performance Statistics   2014-02-09 09:31:00 - 2014-02-09 09:32:00
Tag                                                  Avg(ms)         Min         Max     Std Dev       Count

Performance Statistics   2014-02-09 09:32:00 - 2014-02-09 09:33:00
Tag                                                  Avg(ms)         Min         Max     Std Dev       Count

Performance Statistics   2014-02-09 09:33:00 - 2014-02-09 09:34:00
Tag                                                  Avg(ms)         Min         Max     Std Dev       Count

Performance Statistics   2014-02-09 09:34:00 - 2014-02-09 09:35:00
Tag                                                  Avg(ms)         Min         Max     Std Dev       Count

Performance Statistics   2014-02-09 09:35:00 - 2014-02-09 09:36:00
Tag                                                  Avg(ms)         Min         Max     Std Dev       Count

Performance Statistics   2014-02-09 09:36:00 - 2014-02-09 09:37:00
Tag                                                  Avg(ms)         Min         Max     Std Dev       Count

Performance Statistics   2014-02-09 09:37:00 - 2014-02-09 09:38:00
Tag                                                  Avg(ms)         Min         Max     Std Dev       Count

Performance Statistics   2014-02-09 09:38:00 - 2014-02-09 09:39:00
Tag                                                  Avg(ms)         Min         Max     Std Dev       Count

Performance Statistics   2014-02-09 09:39:00 - 2014-02-09 09:40:00
Tag                                                  Avg(ms)         Min         Max     Std Dev       Count

Performance Statistics   2014-02-09 09:40:00 - 2014-02-09 09:41:00
Tag                                                  Avg(ms)         Min         Max     Std Dev       Count

Performance Statistics   2014-02-09 09:41:00 - 2014-02-09 09:42:00
Tag                                                  Avg(ms)         Min         Max     Std Dev       Count

Performance Statistics   2014-02-09 09:42:00 - 2014-02-09 09:43:00
Tag                                                  Avg(ms)         Min         Max     Std Dev       Count

Performance Statistics   2014-02-09 09:43:00 - 2014-02-09 09:44:00
Tag                                                  Avg(ms)         Min         Max     Std Dev       Count

Performance Statistics   2014-02-09 09:44:00 - 2014-02-09 09:45:00
Tag                                                  Avg(ms)         Min         Max     Std Dev       Count

Performance Statistics   2014-02-09 09:45:00 - 2014-02-09 09:46:00
Tag                                                  Avg(ms)         Min         Max     Std Dev       Count

Performance Statistics   2014-02-09 09:46:00 - 2014-02-09 09:47:00
Tag                                                  Avg(ms)         Min         Max     Std Dev       Count

Performance Statistics   2014-02-09 09:47:00 - 2014-02-09 09:48:00
Tag                                                  Avg(ms)         Min         Max     Std Dev       Count

Performance Statistics   2014-02-09 09:48:00 - 2014-02-09 09:49:00
Tag                                                  Avg(ms)         Min         Max     Std Dev       Count

Performance Statistics   2014-02-09 09:49:00 - 2014-02-09 09:50:00
Tag                                                  Avg(ms)         Min         Max     Std Dev       Count

Performance Statistics   2014-02-09 09:50:00 - 2014-02-09 09:51:00
Tag                                                  Avg(ms)         Min         Max     Std Dev       Count

Performance Statistics   2014-02-09 09:51:00 - 2014-02-09 09:52:00
Tag                                                  Avg(ms)         Min         Max     Std Dev       Count

Performance Statistics   2014-02-09 09:52:00 - 2014-02-09 09:53:00
Tag                                                  Avg(ms)         Min         Max     Std Dev       Count

Performance Statistics   2014-02-09 09:53:00 - 2014-02-09 09:54:00
Tag                                                  Avg(ms)         Min         Max     Std Dev       Count

Performance Statistics   2014-02-09 09:54:00 - 2014-02-09 09:55:00
Tag                                                  Avg(ms)         Min         Max     Std Dev       Count

Performance Statistics   2014-02-09 09:55:00 - 2014-02-09 09:56:00
Tag                                                  Avg(ms)         Min         Max     Std Dev       Count

Performance Statistics   2014-02-09 09:56:00 - 2014-02-09 09:57:00
Tag                                                  Avg(ms)         Min         Max     Std Dev       Count

Performance Statistics   2014-02-09 09:57:00 - 2014-02-09 09:58:00
Tag                                                  Avg(ms)         Min         Max     Std Dev       Count

Performance Statistics   2014-02-09 09:58:00 - 2014-02-09 09:59:00
Tag                                                  Avg(ms)         Min         Max     Std Dev       Count

Performance Statistics   2014-02-09 09:59:00 - 2014-02-09 10:00:00
Tag                                                  Avg(ms)         Min         Max     Std Dev       Count

Performance Statistics   2014-02-09 10:00:00 - 2014-02-09 10:01:00
Tag                                                  Avg(ms)         Min         Max     Std Dev       Count

Performance Statistics   2014-02-09 10:01:00 - 2014-02-09 10:02:00
Tag                                                  Avg(ms)         Min         Max     Std Dev       Count

Performance Statistics   2014-02-09 10:12:00 - 2014-02-09 10:13:00
Tag                                                  Avg(ms)         Min         Max     Std Dev       Count

Performance Statistics   2014-02-09 10:13:00 - 2014-02-09 10:14:00
Tag                                                  Avg(ms)         Min         Max     Std Dev       Count

Performance Statistics   2014-02-09 10:18:00 - 2014-02-09 10:19:00
Tag                                                  Avg(ms)         Min         Max     Std Dev       Count
AUTHENTICATE                                             2.0           2           2         0.0           1
CREATE_TICKET_GRANTING_TICKET                          203.0         203         203         0.0           1

Performance Statistics   2014-02-09 10:19:00 - 2014-02-09 10:20:00
Tag                                                  Avg(ms)         Min         Max     Std Dev       Count

Performance Statistics   2014-02-09 10:20:00 - 2014-02-09 10:21:00
Tag                                                  Avg(ms)         Min         Max     Std Dev       Count

Performance Statistics   2014-02-09 10:22:00 - 2014-02-09 10:23:00
Tag                                                  Avg(ms)         Min         Max     Std Dev       Count

Performance Statistics   2014-02-09 10:23:00 - 2014-02-09 10:24:00
Tag                                                  Avg(ms)         Min         Max     Std Dev       Count
AUTHENTICATE                                             2.0           2           2         0.0           1
CREATE_TICKET_GRANTING_TICKET                          208.0         208         208         0.0           1

Performance Statistics   2014-02-09 10:24:00 - 2014-02-09 10:25:00
Tag                                                  Avg(ms)         Min         Max     Std Dev       Count

Performance Statistics   2014-02-09 10:25:00 - 2014-02-09 10:26:00
Tag                                                  Avg(ms)         Min         Max     Std Dev       Count

Performance Statistics   2014-02-09 10:26:00 - 2014-02-09 10:27:00
Tag                                                  Avg(ms)         Min         Max     Std Dev       Count

Performance Statistics   2014-02-09 10:27:00 - 2014-02-09 10:28:00
Tag                                                  Avg(ms)         Min         Max     Std Dev       Count

Performance Statistics   2014-02-09 10:30:00 - 2014-02-09 10:31:00
Tag                                                  Avg(ms)         Min         Max     Std Dev       Count

Performance Statistics   2014-02-09 10:33:00 - 2014-02-09 10:34:00
Tag                                                  Avg(ms)         Min         Max     Std Dev       Count
AUTHENTICATE                                             2.0           2           2         0.0           1
CREATE_TICKET_GRANTING_TICKET                          201.0         201         201         0.0           1

Performance Statistics   2014-02-09 10:34:00 - 2014-02-09 10:35:00
Tag                                                  Avg(ms)         Min         Max     Std Dev       Count

Performance Statistics   2014-02-09 10:35:00 - 2014-02-09 10:36:00
Tag                                                  Avg(ms)         Min         Max     Std Dev       Count

Performance Statistics   2014-02-09 10:36:00 - 2014-02-09 10:37:00
Tag                                                  Avg(ms)         Min         Max     Std Dev       Count

Performance Statistics   2014-02-09 10:37:00 - 2014-02-09 10:38:00
Tag                                                  Avg(ms)         Min         Max     Std Dev       Count

Performance Statistics   2014-02-09 10:38:00 - 2014-02-09 10:39:00
Tag                                                  Avg(ms)         Min         Max     Std Dev       Count

Performance Statistics   2014-02-09 10:39:00 - 2014-02-09 10:40:00
Tag                                                  Avg(ms)         Min         Max     Std Dev       Count

Performance Statistics   2014-02-09 10:40:00 - 2014-02-09 10:41:00
Tag                                                  Avg(ms)         Min         Max     Std Dev       Count

Performance Statistics   2014-02-09 10:41:00 - 2014-02-09 10:42:00
Tag                                                  Avg(ms)         Min         Max     Std Dev       Count

Performance Statistics   2014-02-09 10:42:00 - 2014-02-09 10:43:00
Tag                                                  Avg(ms)         Min         Max     Std Dev       Count

Performance Statistics   2014-02-09 10:43:00 - 2014-02-09 10:44:00
Tag                                                  Avg(ms)         Min         Max     Std Dev       Count

Performance Statistics   2014-02-09 10:44:00 - 2014-02-09 10:45:00
Tag                                                  Avg(ms)         Min         Max     Std Dev       Count

Performance Statistics   2014-02-09 10:45:00 - 2014-02-09 10:46:00
Tag                                                  Avg(ms)         Min         Max     Std Dev       Count

Performance Statistics   2014-02-09 10:46:00 - 2014-02-09 10:47:00
Tag                                                  Avg(ms)         Min         Max     Std Dev       Count

Performance Statistics   2014-02-09 10:47:00 - 2014-02-09 10:48:00
Tag                                                  Avg(ms)         Min         Max     Std Dev       Count

Performance Statistics   2014-02-09 10:48:00 - 2014-02-09 10:49:00
Tag                                                  Avg(ms)         Min         Max     Std Dev       Count

Performance Statistics   2014-02-09 10:49:00 - 2014-02-09 10:50:00
Tag                                                  Avg(ms)         Min         Max     Std Dev       Count

Performance Statistics   2014-02-09 10:50:00 - 2014-02-09 10:51:00
Tag                                                  Avg(ms)         Min         Max     Std Dev       Count

Performance Statistics   2014-02-09 10:51:00 - 2014-02-09 10:52:00
Tag                                                  Avg(ms)         Min         Max     Std Dev       Count

Performance Statistics   2014-02-09 10:52:00 - 2014-02-09 10:53:00
Tag                                                  Avg(ms)         Min         Max     Std Dev       Count

Performance Statistics   2014-02-09 10:53:00 - 2014-02-09 10:54:00
Tag                                                  Avg(ms)         Min         Max     Std Dev       Count

Performance Statistics   2014-02-09 10:54:00 - 2014-02-09 10:55:00
Tag                                                  Avg(ms)         Min         Max     Std Dev       Count

Performance Statistics   2014-02-09 10:55:00 - 2014-02-09 10:56:00
Tag                                                  Avg(ms)         Min         Max     Std Dev       Count

Performance Statistics   2014-02-09 10:56:00 - 2014-02-09 10:57:00
Tag                                                  Avg(ms)         Min         Max     Std Dev       Count

Performance Statistics   2014-02-09 10:57:00 - 2014-02-09 10:58:00
Tag                                                  Avg(ms)         Min         Max     Std Dev       Count

Performance Statistics   2014-02-09 10:58:00 - 2014-02-09 10:59:00
Tag                                                  Avg(ms)         Min         Max     Std Dev       Count

Performance Statistics   2014-02-09 10:59:00 - 2014-02-09 11:00:00
Tag                                                  Avg(ms)         Min         Max     Std Dev       Count

Performance Statistics   2014-02-09 11:00:00 - 2014-02-09 11:01:00
Tag                                                  Avg(ms)         Min         Max     Std Dev       Count

Performance Statistics   2014-02-09 11:01:00 - 2014-02-09 11:02:00
Tag                                                  Avg(ms)         Min         Max     Std Dev       Count

Performance Statistics   2014-02-09 11:02:00 - 2014-02-09 11:03:00
Tag                                                  Avg(ms)         Min         Max     Std Dev       Count

Performance Statistics   2014-02-09 11:03:00 - 2014-02-09 11:04:00
Tag                                                  Avg(ms)         Min         Max     Std Dev       Count

Performance Statistics   2014-02-09 11:04:00 - 2014-02-09 11:05:00
Tag                                                  Avg(ms)         Min         Max     Std Dev       Count

Performance Statistics   2014-02-09 11:05:00 - 2014-02-09 11:06:00
Tag                                                  Avg(ms)         Min         Max     Std Dev       Count

Performance Statistics   2014-02-09 11:06:00 - 2014-02-09 11:07:00
Tag                                                  Avg(ms)         Min         Max     Std Dev       Count

Performance Statistics   2014-02-09 11:07:00 - 2014-02-09 11:08:00
Tag                                                  Avg(ms)         Min         Max     Std Dev       Count

Performance Statistics   2014-02-09 11:08:00 - 2014-02-09 11:09:00
Tag                                                  Avg(ms)         Min         Max     Std Dev       Count

Performance Statistics   2014-02-09 11:09:00 - 2014-02-09 11:10:00
Tag                                                  Avg(ms)         Min         Max     Std Dev       Count

Performance Statistics   2014-02-09 11:10:00 - 2014-02-09 11:11:00
Tag                                                  Avg(ms)         Min         Max     Std Dev       Count

Performance Statistics   2014-02-09 11:11:00 - 2014-02-09 11:12:00
Tag                                                  Avg(ms)         Min         Max     Std Dev       Count

Performance Statistics   2014-02-09 11:12:00 - 2014-02-09 11:13:00
Tag                                                  Avg(ms)         Min         Max     Std Dev       Count

Performance Statistics   2014-02-09 11:13:00 - 2014-02-09 11:14:00
Tag                                                  Avg(ms)         Min         Max     Std Dev       Count

Performance Statistics   2014-02-09 11:14:00 - 2014-02-09 11:15:00
Tag                                                  Avg(ms)         Min         Max     Std Dev       Count

Performance Statistics   2014-02-09 11:15:00 - 2014-02-09 11:16:00
Tag                                                  Avg(ms)         Min         Max     Std Dev       Count

Performance Statistics   2014-02-09 11:16:00 - 2014-02-09 11:17:00
Tag                                                  Avg(ms)         Min         Max     Std Dev       Count

Performance Statistics   2014-02-09 11:17:00 - 2014-02-09 11:18:00
Tag                                                  Avg(ms)         Min         Max     Std Dev       Count

Performance Statistics   2014-02-09 11:18:00 - 2014-02-09 11:19:00
Tag                                                  Avg(ms)         Min         Max     Std Dev       Count

Performance Statistics   2014-02-09 11:19:00 - 2014-02-09 11:20:00
Tag                                                  Avg(ms)         Min         Max     Std Dev       Count

Performance Statistics   2014-02-09 11:20:00 - 2014-02-09 11:21:00
Tag                                                  Avg(ms)         Min         Max     Std Dev       Count

Performance Statistics   2014-02-09 11:21:00 - 2014-02-09 11:22:00
Tag                                                  Avg(ms)         Min         Max     Std Dev       Count

Performance Statistics   2014-02-09 11:22:00 - 2014-02-09 11:23:00
Tag                                                  Avg(ms)         Min         Max     Std Dev       Count

Performance Statistics   2014-02-09 11:23:00 - 2014-02-09 11:24:00
Tag                                                  Avg(ms)         Min         Max     Std Dev       Count

Performance Statistics   2014-02-09 11:24:00 - 2014-02-09 11:25:00
Tag                                                  Avg(ms)         Min         Max     Std Dev       Count

Performance Statistics   2014-02-09 11:25:00 - 2014-02-09 11:26:00
Tag                                                  Avg(ms)         Min         Max     Std Dev       Count

Performance Statistics   2014-02-09 11:26:00 - 2014-02-09 11:27:00
Tag                                                  Avg(ms)         Min         Max     Std Dev       Count

Performance Statistics   2014-02-09 11:27:00 - 2014-02-09 11:28:00
Tag                                                  Avg(ms)         Min         Max     Std Dev       Count

Performance Statistics   2014-02-09 11:28:00 - 2014-02-09 11:29:00
Tag                                                  Avg(ms)         Min         Max     Std Dev       Count

Performance Statistics   2014-02-09 11:29:00 - 2014-02-09 11:30:00
Tag                                                  Avg(ms)         Min         Max     Std Dev       Count

Performance Statistics   2014-02-09 11:30:00 - 2014-02-09 11:31:00
Tag                                                  Avg(ms)         Min         Max     Std Dev       Count

Performance Statistics   2014-02-09 11:31:00 - 2014-02-09 11:32:00
Tag                                                  Avg(ms)         Min         Max     Std Dev       Count

Performance Statistics   2014-02-09 11:32:00 - 2014-02-09 11:33:00
Tag                                                  Avg(ms)         Min         Max     Std Dev       Count

Performance Statistics   2014-02-09 11:33:00 - 2014-02-09 11:34:00
Tag                                                  Avg(ms)         Min         Max     Std Dev       Count

Performance Statistics   2014-02-09 11:34:00 - 2014-02-09 11:35:00
Tag                                                  Avg(ms)         Min         Max     Std Dev       Count

Performance Statistics   2014-02-09 11:35:00 - 2014-02-09 11:36:00
Tag                                                  Avg(ms)         Min         Max     Std Dev       Count

Performance Statistics   2014-02-09 11:36:00 - 2014-02-09 11:37:00
Tag                                                  Avg(ms)         Min         Max     Std Dev       Count

Performance Statistics   2014-02-09 11:37:00 - 2014-02-09 11:38:00
Tag                                                  Avg(ms)         Min         Max     Std Dev       Count

Performance Statistics   2014-02-09 11:38:00 - 2014-02-09 11:39:00
Tag                                                  Avg(ms)         Min         Max     Std Dev       Count

Performance Statistics   2014-02-09 11:39:00 - 2014-02-09 11:40:00
Tag                                                  Avg(ms)         Min         Max     Std Dev       Count

Performance Statistics   2014-02-09 11:40:00 - 2014-02-09 11:41:00
Tag                                                  Avg(ms)         Min         Max     Std Dev       Count

Performance Statistics   2014-02-09 11:41:00 - 2014-02-09 11:42:00
Tag                                                  Avg(ms)         Min         Max     Std Dev       Count

Performance Statistics   2014-02-09 11:42:00 - 2014-02-09 11:43:00
Tag                                                  Avg(ms)         Min         Max     Std Dev       Count

Performance Statistics   2014-02-09 11:43:00 - 2014-02-09 11:44:00
Tag                                                  Avg(ms)         Min         Max     Std Dev       Count

Performance Statistics   2014-02-09 11:44:00 - 2014-02-09 11:45:00
Tag                                                  Avg(ms)         Min         Max     Std Dev       Count

Performance Statistics   2014-02-09 11:45:00 - 2014-02-09 11:46:00
Tag                                                  Avg(ms)         Min         Max     Std Dev       Count

Performance Statistics   2014-02-09 11:46:00 - 2014-02-09 11:47:00
Tag                                                  Avg(ms)         Min         Max     Std Dev       Count

Performance Statistics   2014-02-09 11:47:00 - 2014-02-09 11:48:00
Tag                                                  Avg(ms)         Min         Max     Std Dev       Count

Performance Statistics   2014-02-09 11:48:00 - 2014-02-09 11:49:00
Tag                                                  Avg(ms)         Min         Max     Std Dev       Count

Performance Statistics   2014-02-09 11:49:00 - 2014-02-09 11:50:00
Tag                                                  Avg(ms)         Min         Max     Std Dev       Count

Performance Statistics   2014-02-09 11:50:00 - 2014-02-09 11:51:00
Tag                                                  Avg(ms)         Min         Max     Std Dev       Count

Performance Statistics   2014-02-09 11:51:00 - 2014-02-09 11:52:00
Tag                                                  Avg(ms)         Min         Max     Std Dev       Count

Performance Statistics   2014-02-09 11:52:00 - 2014-02-09 11:53:00
Tag                                                  Avg(ms)         Min         Max     Std Dev       Count

Performance Statistics   2014-02-09 11:53:00 - 2014-02-09 11:54:00
Tag                                                  Avg(ms)         Min         Max     Std Dev       Count

Performance Statistics   2014-02-09 11:54:00 - 2014-02-09 11:55:00
Tag                                                  Avg(ms)         Min         Max     Std Dev       Count

Performance Statistics   2014-02-09 11:55:00 - 2014-02-09 11:56:00
Tag                                                  Avg(ms)         Min         Max     Std Dev       Count

Performance Statistics   2014-02-09 11:56:00 - 2014-02-09 11:57:00
Tag                                                  Avg(ms)         Min         Max     Std Dev       Count

Performance Statistics   2014-02-09 11:57:00 - 2014-02-09 11:58:00
Tag                                                  Avg(ms)         Min         Max     Std Dev       Count

Performance Statistics   2014-02-09 11:58:00 - 2014-02-09 11:59:00
Tag                                                  Avg(ms)         Min         Max     Std Dev       Count

Performance Statistics   2014-02-09 11:59:00 - 2014-02-09 12:00:00
Tag                                                  Avg(ms)         Min         Max     Std Dev       Count

Performance Statistics   2014-02-09 12:00:00 - 2014-02-09 12:01:00
Tag                                                  Avg(ms)         Min         Max     Std Dev       Count

Performance Statistics   2014-02-09 12:01:00 - 2014-02-09 12:02:00
Tag                                                  Avg(ms)         Min         Max     Std Dev       Count

Performance Statistics   2014-02-09 12:02:00 - 2014-02-09 12:03:00
Tag                                                  Avg(ms)         Min         Max     Std Dev       Count

Performance Statistics   2014-02-09 12:03:00 - 2014-02-09 12:04:00
Tag                                                  Avg(ms)         Min         Max     Std Dev       Count

Performance Statistics   2014-02-09 12:04:00 - 2014-02-09 12:05:00
Tag                                                  Avg(ms)         Min         Max     Std Dev       Count

Performance Statistics   2014-02-09 12:05:00 - 2014-02-09 12:06:00
Tag                                                  Avg(ms)         Min         Max     Std Dev       Count

Performance Statistics   2014-02-09 12:06:00 - 2014-02-09 12:07:00
Tag                                                  Avg(ms)         Min         Max     Std Dev       Count

Performance Statistics   2014-02-09 12:07:00 - 2014-02-09 12:08:00
Tag                                                  Avg(ms)         Min         Max     Std Dev       Count

Performance Statistics   2014-02-09 12:08:00 - 2014-02-09 12:09:00
Tag                                                  Avg(ms)         Min         Max     Std Dev       Count

Performance Statistics   2014-02-09 12:09:00 - 2014-02-09 12:10:00
Tag                                                  Avg(ms)         Min         Max     Std Dev       Count

Performance Statistics   2014-02-09 12:10:00 - 2014-02-09 12:11:00
Tag                                                  Avg(ms)         Min         Max     Std Dev       Count

Performance Statistics   2014-02-09 12:11:00 - 2014-02-09 12:12:00
Tag                                                  Avg(ms)         Min         Max     Std Dev       Count

Performance Statistics   2014-02-09 12:12:00 - 2014-02-09 12:13:00
Tag                                                  Avg(ms)         Min         Max     Std Dev       Count

Performance Statistics   2014-02-09 12:13:00 - 2014-02-09 12:14:00
Tag                                                  Avg(ms)         Min         Max     Std Dev       Count

Performance Statistics   2014-02-09 12:14:00 - 2014-02-09 12:15:00
Tag                                                  Avg(ms)         Min         Max     Std Dev       Count

Performance Statistics   2014-02-09 12:15:00 - 2014-02-09 12:16:00
Tag                                                  Avg(ms)         Min         Max     Std Dev       Count

Performance Statistics   2014-02-09 12:16:00 - 2014-02-09 12:17:00
Tag                                                  Avg(ms)         Min         Max     Std Dev       Count

Performance Statistics   2014-02-09 12:17:00 - 2014-02-09 12:18:00
Tag                                                  Avg(ms)         Min         Max     Std Dev       Count

Performance Statistics   2014-02-09 12:18:00 - 2014-02-09 12:19:00
Tag                                                  Avg(ms)         Min         Max     Std Dev       Count

Performance Statistics   2014-02-09 12:19:00 - 2014-02-09 12:20:00
Tag                                                  Avg(ms)         Min         Max     Std Dev       Count

Performance Statistics   2014-02-09 12:20:00 - 2014-02-09 12:21:00
Tag                                                  Avg(ms)         Min         Max     Std Dev       Count

Performance Statistics   2014-02-09 12:21:00 - 2014-02-09 12:22:00
Tag                                                  Avg(ms)         Min         Max     Std Dev       Count

Performance Statistics   2014-02-09 12:22:00 - 2014-02-09 12:23:00
Tag                                                  Avg(ms)         Min         Max     Std Dev       Count

Performance Statistics   2014-02-09 12:23:00 - 2014-02-09 12:24:00
Tag                                                  Avg(ms)         Min         Max     Std Dev       Count

Performance Statistics   2014-02-09 12:24:00 - 2014-02-09 12:25:00
Tag                                                  Avg(ms)         Min         Max     Std Dev       Count

Performance Statistics   2014-02-09 12:25:00 - 2014-02-09 12:26:00
Tag                                                  Avg(ms)         Min         Max     Std Dev       Count

Performance Statistics   2014-02-09 12:26:00 - 2014-02-09 12:27:00
Tag                                                  Avg(ms)         Min         Max     Std Dev       Count

Performance Statistics   2014-02-09 12:27:00 - 2014-02-09 12:28:00
Tag                                                  Avg(ms)         Min         Max     Std Dev       Count

Performance Statistics   2014-02-09 12:28:00 - 2014-02-09 12:29:00
Tag                                                  Avg(ms)         Min         Max     Std Dev       Count

Performance Statistics   2014-02-09 12:29:00 - 2014-02-09 12:30:00
Tag                                                  Avg(ms)         Min         Max     Std Dev       Count

Performance Statistics   2014-02-09 12:30:00 - 2014-02-09 12:31:00
Tag                                                  Avg(ms)         Min         Max     Std Dev       Count

Performance Statistics   2014-02-09 12:31:00 - 2014-02-09 12:32:00
Tag                                                  Avg(ms)         Min         Max     Std Dev       Count

Performance Statistics   2014-02-09 12:32:00 - 2014-02-09 12:33:00
Tag                                                  Avg(ms)         Min         Max     Std Dev       Count

Performance Statistics   2014-02-09 12:33:00 - 2014-02-09 12:34:00
Tag                                                  Avg(ms)         Min         Max     Std Dev       Count

Performance Statistics   2014-02-09 12:34:00 - 2014-02-09 12:35:00
Tag                                                  Avg(ms)         Min         Max     Std Dev       Count

Performance Statistics   2014-02-09 12:35:00 - 2014-02-09 12:36:00
Tag                                                  Avg(ms)         Min         Max     Std Dev       Count

Performance Statistics   2014-02-09 12:36:00 - 2014-02-09 12:37:00
Tag                                                  Avg(ms)         Min         Max     Std Dev       Count

Performance Statistics   2014-02-09 12:37:00 - 2014-02-09 12:38:00
Tag                                                  Avg(ms)         Min         Max     Std Dev       Count

Performance Statistics   2014-02-09 12:38:00 - 2014-02-09 12:39:00
Tag                                                  Avg(ms)         Min         Max     Std Dev       Count

Performance Statistics   2014-02-09 12:39:00 - 2014-02-09 12:40:00
Tag                                                  Avg(ms)         Min         Max     Std Dev       Count

Performance Statistics   2014-02-09 12:40:00 - 2014-02-09 12:41:00
Tag                                                  Avg(ms)         Min         Max     Std Dev       Count

Performance Statistics   2014-02-09 12:41:00 - 2014-02-09 12:42:00
Tag                                                  Avg(ms)         Min         Max     Std Dev       Count

Performance Statistics   2014-02-09 12:42:00 - 2014-02-09 12:43:00
Tag                                                  Avg(ms)         Min         Max     Std Dev       Count

Performance Statistics   2014-02-09 12:43:00 - 2014-02-09 12:44:00
Tag                                                  Avg(ms)         Min         Max     Std Dev       Count

Performance Statistics   2014-02-09 12:44:00 - 2014-02-09 12:45:00
Tag                                                  Avg(ms)         Min         Max     Std Dev       Count

Performance Statistics   2014-02-09 12:47:00 - 2014-02-09 12:48:00
Tag                                                  Avg(ms)         Min         Max     Std Dev       Count
AUTHENTICATE                                             2.0           2           2         0.0           1
CREATE_TICKET_GRANTING_TICKET                           72.0          72          72         0.0           1

Performance Statistics   2014-02-09 12:48:00 - 2014-02-09 12:49:00
Tag                                                  Avg(ms)         Min         Max     Std Dev       Count

Performance Statistics   2014-02-09 12:49:00 - 2014-02-09 12:50:00
Tag                                                  Avg(ms)         Min         Max     Std Dev       Count

Performance Statistics   2014-02-09 12:50:00 - 2014-02-09 12:51:00
Tag                                                  Avg(ms)         Min         Max     Std Dev       Count

Performance Statistics   2014-02-09 12:53:00 - 2014-02-09 12:54:00
Tag                                                  Avg(ms)         Min         Max     Std Dev       Count

Performance Statistics   2014-02-09 12:54:00 - 2014-02-09 12:55:00
Tag                                                  Avg(ms)         Min         Max     Std Dev       Count

Performance Statistics   2014-02-09 12:55:00 - 2014-02-09 12:56:00
Tag                                                  Avg(ms)         Min         Max     Std Dev       Count

Performance Statistics   2014-02-09 12:56:00 - 2014-02-09 12:57:00
Tag                                                  Avg(ms)         Min         Max     Std Dev       Count

Performance Statistics   2014-02-09 12:57:00 - 2014-02-09 12:58:00
Tag                                                  Avg(ms)         Min         Max     Std Dev       Count

Performance Statistics   2014-02-09 12:58:00 - 2014-02-09 12:59:00
Tag                                                  Avg(ms)         Min         Max     Std Dev       Count

Performance Statistics   2014-02-09 12:59:00 - 2014-02-09 13:00:00
Tag                                                  Avg(ms)         Min         Max     Std Dev       Count

Performance Statistics   2014-02-09 13:00:00 - 2014-02-09 13:01:00
Tag                                                  Avg(ms)         Min         Max     Std Dev       Count
DESTROY_TICKET_GRANTING_TICKET                          16.0          16          16         0.0           1

Performance Statistics   2014-02-09 13:01:00 - 2014-02-09 13:02:00
Tag                                                  Avg(ms)         Min         Max     Std Dev       Count
DESTROY_TICKET_GRANTING_TICKET                           1.0           1           1         0.0           1

Performance Statistics   2014-02-09 13:02:00 - 2014-02-09 13:03:00
Tag                                                  Avg(ms)         Min         Max     Std Dev       Count
AUTHENTICATE                                             0.5           0           1         0.5           2
CREATE_TICKET_GRANTING_TICKET                           13.0           9          17         4.0           2

Performance Statistics   2014-02-09 13:03:00 - 2014-02-09 13:04:00
Tag                                                  Avg(ms)         Min         Max     Std Dev       Count

